This is pdfTeX, Version 3.1415926-2.5-1.40.14 (MiKTeX 2.9) (preloaded format=pdflatex 2013.12.8)  25 JUL 2017 13:50
entering extended mode
**D:/git_repositories/PhD_dark_matter_latex/–û—Ç—á–µ—Ç*–ø–æ*–ù–ò–†*(3*–≥–æ–¥*–∞
—Å–ø–∏—Ä–∞–Ω—Ç—É—Ä—ã,*–æ—Ç—á–µ—Ç*–∑–∞*–≤–µ—Å–µ–Ω–Ω–∏–π*—Å–µ–º–µ—Å—Ç—Ä)/main.tex


("D:/git_repositories/PhD_dark_matter_latex/–û—Ç—á–µ—Ç –ø–æ –ù–ò–† (3 –≥–æ–¥ –∞
—Å–ø–∏—Ä–∞–Ω—Ç—É—Ä—ã, –æ—Ç—á–µ—Ç –∑–∞ –≤–µ—Å–µ–Ω–Ω–∏–π —Å–µ–º–µ—Å—Ç—Ä)/main.tex
"
LaTeX2e <2011/06/27>
Babel <v3.8m> and hyphenation patterns for english, afrikaans, ancientgreek, ar
abic, armenian, assamese, basque, bengali, bokmal, bulgarian, catalan, coptic, 
croatian, czech, danish, dutch, esperanto, estonian, farsi, finnish, french, ga
lician, german, german-x-2013-05-26, greek, gujarati, hindi, hungarian, iceland
ic, indonesian, interlingua, irish, italian, kannada, kurmanji, latin, latvian,
 lithuanian, malayalam, marathi, mongolian, mongolianlmc, monogreek, ngerman, n
german-x-2013-05-26, nynorsk, oriya, panjabi, pinyin, polish, portuguese, roman
ian, russian, sanskrit, serbian, slovak, slovenian, spanish, swedish, swissgerm
an, tamil, telugu, turkish, turkmen, ukenglish, ukrainian, uppersorbian, usengl
ishmax, welsh, loaded.
(D:\LaTex\Full_TeX\texmf\tex\latex\base\article.cls
Document Class: article 2007/10/19 v1.4h Standard LaTeX document class
(D:\LaTex\Full_TeX\texmf\tex\latex\base\size12.clo
File: size12.clo 2007/10/19 v1.4h Standard LaTeX file (size option)
)
\c@part=\count79
\c@section=\count80
\c@subsection=\count81
\c@subsubsection=\count82
\c@paragraph=\count83
\c@subparagraph=\count84
\c@figure=\count85
\c@table=\count86
\abovecaptionskip=\skip41
\belowcaptionskip=\skip42
\bibindent=\dimen102
)
(D:\LaTex\Full_TeX\texmf\tex\latex\russ\russ.sty
Package: russ 2012/01/26 Russian language

(D:\LaTex\Full_TeX\texmf\tex\latex\base\inputenc.sty
Package: inputenc 2008/03/30 v1.1d Input encoding file
\inpenc@prehook=\toks14
\inpenc@posthook=\toks15

(D:\LaTex\Full_TeX\texmf\tex\latex\cyrillic\cp1251.def
File: cp1251.def 1999/11/16 v1.0d Input encoding file
))
(D:\LaTex\Full_TeX\texmf\tex\latex\tools\xspace.sty
Package: xspace 2009/10/20 v1.13 Space after command names (DPC,MH)
)
(D:\LaTex\Full_TeX\texmf\tex\latex\cyrillic\t2aenc.def
File: t2aenc.def 2005/09/27 v1.0i Cyrillic encoding definition file
)
LaTeX Font Info:    Try loading font information for T2A+cmr on input line 43.

(D:\LaTex\Full_TeX\texmf\tex\latex\cyrillic\t2acmr.fd
File: t2acmr.fd 2001/08/11 v1.0a Computer Modern Cyrillic font definitions
)
\symrletters=\mathgroup4
LaTeX Font Info:    Overwriting symbol font `rletters' in version `bold'
(Font)                  T2A/cmr/m/it --> T2A/cmr/b/it on input line 99.
LaTeX Font Info:    Overwriting math alphabet `\mathrm' in version `normal'
(Font)                  OT1/cmr/m/n --> T2A/cmr/m/n on input line 173.
LaTeX Font Info:    Overwriting math alphabet `\mathrm' in version `bold'
(Font)                  OT1/cmr/bx/n --> T2A/cmr/b/n on input line 174.
LaTeX Font Info:    Overwriting math alphabet `\mathit' in version `normal'
(Font)                  OT1/cmr/m/it --> T2A/cmr/m/it on input line 175.
LaTeX Font Info:    Overwriting math alphabet `\mathit' in version `bold'
(Font)                  OT1/cmr/bx/it --> T2A/cmr/b/it on input line 176.
LaTeX Font Info:    Overwriting math alphabet `\mathbf' in version `normal'
(Font)                  OT1/cmr/bx/n --> T2A/cmr/b/n on input line 177.
LaTeX Font Info:    Overwriting math alphabet `\mathbf' in version `bold'
(Font)                  OT1/cmr/bx/n --> T2A/cmr/b/n on input line 178.


 Correcting math definitions,
\symAMSa=\mathgroup5
\symAMSb=\mathgroup6
 heading names, counters, lists,
\c@rlistctr=\count87
 headings,
captions, theorems, running heads, appendix, \cleardoublepage, quotes,
... finished.
LaTeX Info: Redefining \˜ on input line 687.
) (D:\LaTex\Full_TeX\texmf\tex\latex\cmap\cmap.sty
Package: cmap 2008/03/06 v1.0h CMap support: searchable PDF
)
(D:\LaTex\Full_TeX\texmf\tex\latex\cite\cite.sty
LaTeX Info: Redefining \cite on input line 302.
LaTeX Info: Redefining \nocite on input line 332.
Package: cite 2015/02/27  v 5.5
)
(D:\LaTex\Full_TeX\texmf\tex\latex\base\fontenc.sty
Package: fontenc 2005/09/27 v1.99g Standard LaTeX package

(D:\LaTex\Full_TeX\texmf\tex\latex\cyrillic\t2aenc.def
File: t2aenc.def 2005/09/27 v1.0i Cyrillic encoding definition file
LaTeX Font Info:    Redeclaring font encoding T2A on input line 38.
))
(D:\LaTex\Full_TeX\texmf\tex\generic\babel\babel.sty
Package: babel 2008/07/08 v3.8m The Babel package

*************************************
* Local config file bblopts.cfg used
*
(D:\LaTex\Full_TeX\texmf\tex\latex\00miktex\bblopts.cfg
File: bblopts.cfg 2006/07/31 v1.0 MiKTeX 'babel' configuration
)
(D:\LaTex\Full_TeX\texmf\tex\generic\babel\english.ldf
Language: english 2005/03/30 v3.3o English support from the babel system

(D:\LaTex\Full_TeX\texmf\tex\generic\babel\babel.def
File: babel.def 2008/07/08 v3.8m Babel common definitions
\babel@savecnt=\count88
\U@D=\dimen103
)
\l@canadian = a dialect from \language\l@american 
\l@australian = a dialect from \language\l@british 
\l@newzealand = a dialect from \language\l@british 
)
(D:\LaTex\Full_TeX\texmf\tex\generic\babel\germanb.ldf
Language: germanb 2008/06/01 v2.6m German support from the babel system
\l@austrian = a dialect from \language\l@german 
Package babel Info: Making " an active character on input line 102.
)
(D:\LaTex\Full_TeX\texmf\tex\generic\babel\russianb.ldf
Language: russianb 2008/03/21 v1.1r Russian support from the babel system
LaTeX Info: Redefining \No on input line 305.
))
(D:\LaTex\Full_TeX\texmf\tex\latex\tools\calc.sty
Package: calc 2007/08/22 v4.3 Infix arithmetic (KKT,FJ)
\calc@Acount=\count89
\calc@Bcount=\count90
\calc@Adimen=\dimen104
\calc@Bdimen=\dimen105
\calc@Askip=\skip43
\calc@Bskip=\skip44
LaTeX Info: Redefining \setlength on input line 76.
LaTeX Info: Redefining \addtolength on input line 77.
\calc@Ccount=\count91
\calc@Cskip=\skip45
)
(D:\LaTex\Full_TeX\texmf\tex\latex\graphics\graphicx.sty
Package: graphicx 1999/02/16 v1.0f Enhanced LaTeX Graphics (DPC,SPQR)

(D:\LaTex\Full_TeX\texmf\tex\latex\graphics\keyval.sty
Package: keyval 1999/03/16 v1.13 key=value parser (DPC)
\KV@toks@=\toks16
)
(D:\LaTex\Full_TeX\texmf\tex\latex\graphics\graphics.sty
Package: graphics 2009/02/05 v1.0o Standard LaTeX Graphics (DPC,SPQR)

(D:\LaTex\Full_TeX\texmf\tex\latex\graphics\trig.sty
Package: trig 1999/03/16 v1.09 sin cos tan (DPC)
)
(D:\LaTex\Full_TeX\texmf\tex\latex\00miktex\graphics.cfg
File: graphics.cfg 2007/01/18 v1.5 graphics configuration of teTeX/TeXLive
)
Package graphics Info: Driver file: pdftex.def on input line 91.

(D:\LaTex\Full_TeX\texmf\tex\latex\pdftex-def\pdftex.def
File: pdftex.def 2011/05/27 v0.06d Graphics/color for pdfTeX

(D:\LaTex\Full_TeX\texmf\tex\generic\oberdiek\infwarerr.sty
Package: infwarerr 2010/04/08 v1.3 Providing info/warning/error messages (HO)
)
(D:\LaTex\Full_TeX\texmf\tex\generic\oberdiek\ltxcmds.sty
Package: ltxcmds 2011/11/09 v1.22 LaTeX kernel commands for general use (HO)
)
\Gread@gobject=\count92
))
\Gin@req@height=\dimen106
\Gin@req@width=\dimen107
)
(D:\LaTex\Full_TeX\texmf\tex\latex\oberdiek\epstopdf.sty
Package: epstopdf 2010/02/09 v2.5 Conversion with epstopdf on the fly (HO)

(D:\LaTex\Full_TeX\texmf\tex\latex\oberdiek\epstopdf-base.sty
Package: epstopdf-base 2010/02/09 v2.5 Base part for package epstopdf

(D:\LaTex\Full_TeX\texmf\tex\latex\oberdiek\grfext.sty
Package: grfext 2010/08/19 v1.1 Manage graphics extensions (HO)

(D:\LaTex\Full_TeX\texmf\tex\generic\oberdiek\kvdefinekeys.sty
Package: kvdefinekeys 2011/04/07 v1.3 Define keys (HO)
))
(D:\LaTex\Full_TeX\texmf\tex\latex\oberdiek\kvoptions.sty
Package: kvoptions 2011/06/30 v3.11 Key value format for package options (HO)

(D:\LaTex\Full_TeX\texmf\tex\generic\oberdiek\kvsetkeys.sty
Package: kvsetkeys 2012/04/25 v1.16 Key value parser (HO)

(D:\LaTex\Full_TeX\texmf\tex\generic\oberdiek\etexcmds.sty
Package: etexcmds 2011/02/16 v1.5 Avoid name clashes with e-TeX commands (HO)

(D:\LaTex\Full_TeX\texmf\tex\generic\oberdiek\ifluatex.sty
Package: ifluatex 2010/03/01 v1.3 Provides the ifluatex switch (HO)
Package ifluatex Info: LuaTeX not detected.
)
Package etexcmds Info: Could not find \expanded.
(etexcmds)             That can mean that you are not using pdfTeX 1.50 or
(etexcmds)             that some package has redefined \expanded.
(etexcmds)             In the latter case, load this package earlier.
)))
(D:\LaTex\Full_TeX\texmf\tex\generic\oberdiek\pdftexcmds.sty
Package: pdftexcmds 2011/11/29 v0.20 Utility functions of pdfTeX for LuaTeX (HO
)

(D:\LaTex\Full_TeX\texmf\tex\generic\oberdiek\ifpdf.sty
Package: ifpdf 2011/01/30 v2.3 Provides the ifpdf switch (HO)
Package ifpdf Info: pdfTeX in PDF mode is detected.
)
Package pdftexcmds Info: LuaTeX not detected.
Package pdftexcmds Info: \pdf@primitive is available.
Package pdftexcmds Info: \pdf@ifprimitive is available.
Package pdftexcmds Info: \pdfdraftmode found.
)
Package grfext Info: Graphics extension search list:
(grfext)             [.png,.pdf,.jpg,.mps,.jpeg,.jbig2,.jb2,.PNG,.PDF,.JPG,.JPE
G,.JBIG2,.JB2,.eps]
(grfext)             \AppendGraphicsExtensions on input line 452.
))
(D:\LaTex\Full_TeX\texmf\tex\latex\subfigure\subfigure.sty
Package: subfigure 2002/07/30 v2.1.4 subfigure package
\subfigtopskip=\skip46
\subfigcapskip=\skip47
\subfigcaptopadj=\dimen108
\subfigbottomskip=\skip48
\subfigcapmargin=\dimen109
\subfiglabelskip=\skip49
\c@subfigure=\count93
\c@lofdepth=\count94
\c@subtable=\count95
\c@lotdepth=\count96

****************************************
* Local config file subfigure.cfg used *
****************************************
(D:\LaTex\Full_TeX\texmf\tex\latex\subfigure\subfigure.cfg)
\subfig@top=\skip50
\subfig@bottom=\skip51
)
(D:\LaTex\Full_TeX\texmf\tex\latex\base\latexsym.sty
Package: latexsym 1998/08/17 v2.2e Standard LaTeX package (lasy symbols)
\symlasy=\mathgroup7
LaTeX Font Info:    Overwriting symbol font `lasy' in version `bold'
(Font)                  U/lasy/m/n --> U/lasy/b/n on input line 47.
)
(D:\LaTex\Full_TeX\texmf\tex\latex\amsfonts\amsfonts.sty
Package: amsfonts 2013/01/14 v3.01 Basic AMSFonts support
\@emptytoks=\toks17
LaTeX Font Info:    Redeclaring symbol font `AMSa' on input line 59.
LaTeX Font Info:    Overwriting symbol font `AMSa' in version `normal'
(Font)                  U/msa/m/n --> U/msa/m/n on input line 59.
LaTeX Font Info:    Overwriting symbol font `AMSa' in version `bold'
(Font)                  U/msa/m/n --> U/msa/m/n on input line 59.
LaTeX Font Info:    Redeclaring symbol font `AMSb' on input line 60.
LaTeX Font Info:    Overwriting symbol font `AMSb' in version `normal'
(Font)                  U/msb/m/n --> U/msb/m/n on input line 60.
LaTeX Font Info:    Overwriting symbol font `AMSb' in version `bold'
(Font)                  U/msb/m/n --> U/msb/m/n on input line 60.
LaTeX Font Info:    Overwriting math alphabet `\mathfrak' in version `bold'
(Font)                  U/euf/m/n --> U/euf/b/n on input line 106.
)
(D:\LaTex\Full_TeX\texmf\tex\latex\amsfonts\amssymb.sty
Package: amssymb 2013/01/14 v3.01 AMS font symbols
LaTeX Font Info:    Redeclaring math symbol \leqslant on input line 101.
LaTeX Font Info:    Redeclaring math symbol \geqslant on input line 108.
LaTeX Font Info:    Redeclaring math symbol \varkappa on input line 260.
)
(D:\LaTex\Full_TeX\texmf\tex\latex\amsmath\amsmath.sty
Package: amsmath 2013/01/14 v2.14 AMS math features
\@mathmargin=\skip52

For additional information on amsmath, use the `?' option.
(D:\LaTex\Full_TeX\texmf\tex\latex\amsmath\amstext.sty
Package: amstext 2000/06/29 v2.01

(D:\LaTex\Full_TeX\texmf\tex\latex\amsmath\amsgen.sty
File: amsgen.sty 1999/11/30 v2.0
\@emptytoks=\toks18
\ex@=\dimen110
))
(D:\LaTex\Full_TeX\texmf\tex\latex\amsmath\amsbsy.sty
Package: amsbsy 1999/11/29 v1.2d
\pmbraise@=\dimen111
)
(D:\LaTex\Full_TeX\texmf\tex\latex\amsmath\amsopn.sty
Package: amsopn 1999/12/14 v2.01 operator names
)
\inf@bad=\count97
LaTeX Info: Redefining \frac on input line 210.
\uproot@=\count98
\leftroot@=\count99
LaTeX Info: Redefining \overline on input line 306.
\classnum@=\count100
\DOTSCASE@=\count101
LaTeX Info: Redefining \ldots on input line 378.
LaTeX Info: Redefining \dots on input line 381.
LaTeX Info: Redefining \cdots on input line 466.
\Mathstrutbox@=\box26
\strutbox@=\box27
\big@size=\dimen112
LaTeX Font Info:    Redeclaring font encoding OML on input line 566.
LaTeX Font Info:    Redeclaring font encoding OMS on input line 567.
\macc@depth=\count102
\c@MaxMatrixCols=\count103
\dotsspace@=\muskip10
\c@parentequation=\count104
\dspbrk@lvl=\count105
\tag@help=\toks19
\row@=\count106
\column@=\count107
\maxfields@=\count108
\andhelp@=\toks20
\eqnshift@=\dimen113
\alignsep@=\dimen114
\tagshift@=\dimen115
\tagwidth@=\dimen116
\totwidth@=\dimen117
\lineht@=\dimen118
\@envbody=\toks21
\multlinegap=\skip53
\multlinetaggap=\skip54
\mathdisplay@stack=\toks22
LaTeX Info: Redefining \[ on input line 2665.
LaTeX Info: Redefining \] on input line 2666.
)
(D:\LaTex\Full_TeX\texmf\tex\latex\amsfonts\eucal.sty
Package: eucal 2009/06/22 v3.00 Euler Script fonts
LaTeX Font Info:    Overwriting math alphabet `\EuScript' in version `bold'
(Font)                  U/eus/m/n --> U/eus/b/n on input line 33.
)
(D:\LaTex\Full_TeX\texmf\tex\latex\base\exscale.sty
Package: exscale 2007/10/29 v2.1h Standard LaTeX package exscale
LaTeX Font Info:    Redeclaring symbol font `largesymbols' on input line 52.
LaTeX Font Info:    Overwriting symbol font `largesymbols' in version `normal'
(Font)                  OMX/cmex/m/n --> OMX/cmex/m/n on input line 52.
LaTeX Font Info:    Overwriting symbol font `largesymbols' in version `bold'
(Font)                  OMX/cmex/m/n --> OMX/cmex/m/n on input line 52.
\big@size=\dimen119
)
(D:\LaTex\Full_TeX\texmf\tex\latex\tools\indentfirst.sty
Package: indentfirst 1995/11/23 v1.03 Indent first paragraph (DPC)
)
(D:\LaTex\Full_TeX\texmf\tex\latex\tools\verbatim.sty
Package: verbatim 2003/08/22 v1.5q LaTeX2e package for verbatim enhancements
\every@verbatim=\toks23
\verbatim@line=\toks24
\verbatim@in@stream=\read1
)
(D:\LaTex\Full_TeX\texmf\tex\latex\tools\layout.sty
Package: layout 2000/09/25 v1.2c Show layout parameters
\oneinch=\count109
\cnt@paperwidth=\count110
\cnt@paperheight=\count111
\cnt@hoffset=\count112
\cnt@voffset=\count113
\cnt@textheight=\count114
\cnt@textwidth=\count115
\cnt@topmargin=\count116
\cnt@oddsidemargin=\count117
\cnt@evensidemargin=\count118
\cnt@headheight=\count119
\cnt@headsep=\count120
\cnt@marginparsep=\count121
\cnt@marginparwidth=\count122
\cnt@marginparpush=\count123
\cnt@footskip=\count124
\fheight=\count125
\ref@top=\count126
\ref@hoffset=\count127
\ref@voffset=\count128
\ref@head=\count129
\ref@body=\count130
\ref@foot=\count131
\ref@margin=\count132
\ref@marginwidth=\count133
\ref@marginpar=\count134
\Interval=\count135
\ExtraYPos=\count136
\PositionX=\count137
\PositionY=\count138
\ArrowLength=\count139
)
(D:\LaTex\Full_TeX\texmf\tex\latex\miller\miller.sty
Package: miller 2004/09/20 v1.2 print miller indices
)
(D:\LaTex\Full_TeX\texmf\tex\latex\natbib\natbib.sty
Package: natbib 2010/09/13 8.31b (PWD, AO)


Package natbib Warning: The `cite' package should not be used
(natbib)                with natbib. Use option `sort' instead.

\bibhang=\skip55
\bibsep=\skip56
LaTeX Info: Redefining \cite on input line 694.
LaTeX Info: Redefining \citenum on input line 708.
\c@NAT@ctr=\count140
) (D:\LaTex\Full_TeX\texmf\tex\latex\url\url.sty
\Urlmuskip=\muskip11
Package: url 2006/04/12  ver 3.3  Verb mode for urls, etc.
)
(D:\LaTex\Full_TeX\texmf\tex\latex\tools\multicol.sty
Package: multicol 2011/06/27 v1.7a multicolumn formatting (FMi)
\c@tracingmulticols=\count141
\mult@box=\box28
\multicol@leftmargin=\dimen120
\c@unbalance=\count142
\c@collectmore=\count143
\doublecol@number=\count144
\multicoltolerance=\count145
\multicolpretolerance=\count146
\full@width=\dimen121
\page@free=\dimen122
\premulticols=\dimen123
\postmulticols=\dimen124
\multicolsep=\skip57
\multicolbaselineskip=\skip58
\partial@page=\box29
\last@line=\box30
\mult@rightbox=\box31
\mult@grightbox=\box32
\mult@gfirstbox=\box33
\mult@firstbox=\box34
\@tempa=\box35
\@tempa=\box36
\@tempa=\box37
\@tempa=\box38
\@tempa=\box39
\@tempa=\box40
\@tempa=\box41
\@tempa=\box42
\@tempa=\box43
\@tempa=\box44
\@tempa=\box45
\@tempa=\box46
\@tempa=\box47
\@tempa=\box48
\@tempa=\box49
\@tempa=\box50
\@tempa=\box51
\c@columnbadness=\count147
\c@finalcolumnbadness=\count148
\last@try=\dimen125
\multicolovershoot=\dimen126
\multicolundershoot=\dimen127
\mult@nat@firstbox=\box52
\colbreak@box=\box53
\multicol@sort@counter=\count149
)
(D:\LaTex\Full_TeX\texmf\tex\latex\multirow\multirow.sty
\bigstrutjot=\dimen128
)
(D:\LaTex\Full_TeX\texmf\tex\latex\tools\hhline.sty
Package: hhline 1994/05/23 v2.03 Table rule package (DPC)
)
(D:\LaTex\Full_TeX\texmf\tex\latex\hyperref\hyperref.sty
Package: hyperref 2012/11/06 v6.83m Hypertext links for LaTeX

(D:\LaTex\Full_TeX\texmf\tex\generic\oberdiek\hobsub-hyperref.sty
Package: hobsub-hyperref 2012/04/25 v1.12 Bundle oberdiek, subset hyperref (HO)


(D:\LaTex\Full_TeX\texmf\tex\generic\oberdiek\hobsub-generic.sty
Package: hobsub-generic 2012/04/25 v1.12 Bundle oberdiek, subset generic (HO)
Package: hobsub 2012/04/25 v1.12 Construct package bundles (HO)
Package hobsub Info: Skipping package `infwarerr' (already loaded).
Package hobsub Info: Skipping package `ltxcmds' (already loaded).
Package hobsub Info: Skipping package `ifluatex' (already loaded).
Package: ifvtex 2010/03/01 v1.5 Detect VTeX and its facilities (HO)
Package ifvtex Info: VTeX not detected.
Package: intcalc 2007/09/27 v1.1 Expandable calculations with integers (HO)
Package hobsub Info: Skipping package `ifpdf' (already loaded).
Package hobsub Info: Skipping package `etexcmds' (already loaded).
Package hobsub Info: Skipping package `kvsetkeys' (already loaded).
Package hobsub Info: Skipping package `kvdefinekeys' (already loaded).
Package hobsub Info: Skipping package `pdftexcmds' (already loaded).
Package: pdfescape 2011/11/25 v1.13 Implements pdfTeX's escape features (HO)
Package: bigintcalc 2012/04/08 v1.3 Expandable calculations on big integers (HO
)
Package: bitset 2011/01/30 v1.1 Handle bit-vector datatype (HO)
Package: uniquecounter 2011/01/30 v1.2 Provide unlimited unique counter (HO)
)
Package hobsub Info: Skipping package `hobsub' (already loaded).
Package: letltxmacro 2010/09/02 v1.4 Let assignment for LaTeX macros (HO)
Package: hopatch 2011/06/24 v1.1 Wrapper for package hooks (HO)
Package: xcolor-patch 2011/01/30 xcolor patch
Package: atveryend 2011/06/30 v1.8 Hooks at the very end of document (HO)
Package atveryend Info: \enddocument detected (standard20110627).
Package: atbegshi 2011/10/05 v1.16 At begin shipout hook (HO)
Package: refcount 2011/10/16 v3.4 Data extraction from label references (HO)
Package: hycolor 2011/01/30 v1.7 Color options for hyperref/bookmark (HO)
)
(D:\LaTex\Full_TeX\texmf\tex\generic\ifxetex\ifxetex.sty
Package: ifxetex 2010/09/12 v0.6 Provides ifxetex conditional
)
(D:\LaTex\Full_TeX\texmf\tex\latex\oberdiek\auxhook.sty
Package: auxhook 2011/03/04 v1.3 Hooks for auxiliary files (HO)
)
\@linkdim=\dimen129
\Hy@linkcounter=\count150
\Hy@pagecounter=\count151

(D:\LaTex\Full_TeX\texmf\tex\latex\hyperref\pd1enc.def
File: pd1enc.def 2012/11/06 v6.83m Hyperref: PDFDocEncoding definition (HO)
)
\Hy@SavedSpaceFactor=\count152
Package hyperref Info: Option `unicode' set `true' on input line 3411.

(D:\LaTex\Full_TeX\texmf\tex\latex\hyperref\puenc.def
File: puenc.def 2012/11/06 v6.83m Hyperref: PDF Unicode definition (HO)
)
(D:\LaTex\Full_TeX\texmf\tex\latex\00miktex\hyperref.cfg
File: hyperref.cfg 2002/06/06 v1.2 hyperref configuration of TeXLive
)
Package hyperref Info: Hyper figures OFF on input line 4443.
Package hyperref Info: Link nesting OFF on input line 4448.
Package hyperref Info: Hyper index ON on input line 4451.
Package hyperref Info: Plain pages OFF on input line 4458.
Package hyperref Info: Backreferencing OFF on input line 4463.
Package hyperref Info: Implicit mode ON; LaTeX internals redefined.
Package hyperref Info: Bookmarks ON on input line 4688.
\c@Hy@tempcnt=\count153
LaTeX Info: Redefining \url on input line 5041.
\XeTeXLinkMargin=\dimen130
\Fld@menulength=\count154
\Field@Width=\dimen131
\Fld@charsize=\dimen132
Package hyperref Info: Hyper figures OFF on input line 6295.
Package hyperref Info: Link nesting OFF on input line 6300.
Package hyperref Info: Hyper index ON on input line 6303.
Package hyperref Info: backreferencing OFF on input line 6310.
Package hyperref Info: Link coloring OFF on input line 6315.
Package hyperref Info: Link coloring with OCG OFF on input line 6320.
Package hyperref Info: PDF/A mode OFF on input line 6325.
LaTeX Info: Redefining \ref on input line 6365.
LaTeX Info: Redefining \pageref on input line 6369.
\Hy@abspage=\count155
\c@Item=\count156
\c@Hfootnote=\count157
)

Package hyperref Message: Driver (autodetected): hpdftex.

(D:\LaTex\Full_TeX\texmf\tex\latex\hyperref\hpdftex.def
File: hpdftex.def 2012/11/06 v6.83m Hyperref driver for pdfTeX
\Fld@listcount=\count158
\c@bookmark@seq@number=\count159

(D:\LaTex\Full_TeX\texmf\tex\latex\oberdiek\rerunfilecheck.sty
Package: rerunfilecheck 2011/04/15 v1.7 Rerun checks for auxiliary files (HO)
Package uniquecounter Info: New unique counter `rerunfilecheck' on input line 2
82.
)
\Hy@SectionHShift=\skip59
)
(D:\LaTex\Full_TeX\texmf\tex\latex\xcolor\xcolor.sty
Package: xcolor 2007/01/21 v2.11 LaTeX color extensions (UK)

(D:\LaTex\Full_TeX\texmf\tex\latex\00miktex\color.cfg
File: color.cfg 2007/01/18 v1.5 color configuration of teTeX/TeXLive
)
Package xcolor Info: Driver file: pdftex.def on input line 225.
Package xcolor Info: Model `cmy' substituted by `cmy0' on input line 1337.
Package xcolor Info: Model `hsb' substituted by `rgb' on input line 1341.
Package xcolor Info: Model `RGB' extended on input line 1353.
Package xcolor Info: Model `HTML' substituted by `rgb' on input line 1355.
Package xcolor Info: Model `Hsb' substituted by `hsb' on input line 1356.
Package xcolor Info: Model `tHsb' substituted by `hsb' on input line 1357.
Package xcolor Info: Model `HSB' substituted by `hsb' on input line 1358.
Package xcolor Info: Model `Gray' substituted by `gray' on input line 1359.
Package xcolor Info: Model `wave' substituted by `hsb' on input line 1360.
)
Package hyperref Info: Option `colorlinks' set `true' on input line 44.

(D:\LaTex\Full_TeX\texmf\tex\latex\rotating\rotating.sty
Package: rotating 2009/03/28 v2.16a rotated objects in LaTeX

(D:\LaTex\Full_TeX\texmf\tex\latex\base\ifthen.sty
Package: ifthen 2001/05/26 v1.1c Standard LaTeX ifthen package (DPC)
)
\c@r@tfl@t=\count160
\rotFPtop=\skip60
\rotFPbot=\skip61
\rot@float@box=\box54
\rot@mess@toks=\toks25
)
(D:\LaTex\Full_TeX\texmf\tex\latex\graphics\lscape.sty
Package: lscape 2000/10/22 v3.01 Landscape Pages (DPC)
)
(D:\LaTex\Full_TeX\texmf\tex\latex\geometry\geometry.sty
Package: geometry 2010/09/12 v5.6 Page Geometry
\Gm@cnth=\count161
\Gm@cntv=\count162
\c@Gm@tempcnt=\count163
\Gm@bindingoffset=\dimen133
\Gm@wd@mp=\dimen134
\Gm@odd@mp=\dimen135
\Gm@even@mp=\dimen136
\Gm@layoutwidth=\dimen137
\Gm@layoutheight=\dimen138
\Gm@layouthoffset=\dimen139
\Gm@layoutvoffset=\dimen140
\Gm@dimlist=\toks26

(D:\LaTex\Full_TeX\texmf\tex\latex\geometry\geometry.cfg))
("D:\git_repositories\PhD_dark_matter_latex\–û—Ç—á–µ—Ç –ø–æ –ù–ò–† (3 –≥–æ–¥ –∞
—Å–ø–∏—Ä–∞–Ω—Ç—É—Ä—ã, –æ—Ç—á–µ—Ç –∑–∞ –≤–µ—Å–µ–Ω–Ω–∏–π —Å–µ–º–µ—Å—Ç—Ä)\main.aux
"
("D:\git_repositories\PhD_dark_matter_latex\–û—Ç—á–µ—Ç –ø–æ –ù–ò–† (3 –≥–æ–¥ –∞
—Å–ø–∏—Ä–∞–Ω—Ç—É—Ä—ã, –æ—Ç—á–µ—Ç –∑–∞ –≤–µ—Å–µ–Ω–Ω–∏–π —Å–µ–º–µ—Å—Ç—Ä)\first_pa
ge_var2.aux")
("D:\git_repositories\PhD_dark_matter_latex\–û—Ç—á–µ—Ç –ø–æ –ù–ò–† (3 –≥–æ–¥ –∞
—Å–ø–∏—Ä–∞–Ω—Ç—É—Ä—ã, –æ—Ç—á–µ—Ç –∑–∞ –≤–µ—Å–µ–Ω–Ω–∏–π —Å–µ–º–µ—Å—Ç—Ä)\abstract
.aux")
("D:\git_repositories\PhD_dark_matter_latex\–û—Ç—á–µ—Ç –ø–æ –ù–ò–† (3 –≥–æ–¥ –∞
—Å–ø–∏—Ä–∞–Ω—Ç—É—Ä—ã, –æ—Ç—á–µ—Ç –∑–∞ –≤–µ—Å–µ–Ω–Ω–∏–π —Å–µ–º–µ—Å—Ç—Ä)\content_
rus_winter.aux")
("D:\git_repositories\PhD_dark_matter_latex\–û—Ç—á–µ—Ç –ø–æ –ù–ò–† (3 –≥–æ–¥ –∞
—Å–ø–∏—Ä–∞–Ω—Ç—É—Ä—ã, –æ—Ç—á–µ—Ç –∑–∞ –≤–µ—Å–µ–Ω–Ω–∏–π —Å–µ–º–µ—Å—Ç—Ä)\double_s
cattering.aux")
("D:\git_repositories\PhD_dark_matter_latex\–û—Ç—á–µ—Ç –ø–æ –ù–ò–† (3 –≥–æ–¥ –∞
—Å–ø–∏—Ä–∞–Ω—Ç—É—Ä—ã, –æ—Ç—á–µ—Ç –∑–∞ –≤–µ—Å–µ–Ω–Ω–∏–π —Å–µ–º–µ—Å—Ç—Ä)\conclusi
ons.aux")
("D:\git_repositories\PhD_dark_matter_latex\–û—Ç—á–µ—Ç –ø–æ –ù–ò–† (3 –≥–æ–¥ –∞
—Å–ø–∏—Ä–∞–Ω—Ç—É—Ä—ã, –æ—Ç—á–µ—Ç –∑–∞ –≤–µ—Å–µ–Ω–Ω–∏–π —Å–µ–º–µ—Å—Ç—Ä)\bibliogr
aphy.aux")
("D:\git_repositories\PhD_dark_matter_latex\–û—Ç—á–µ—Ç –ø–æ –ù–ò–† (3 –≥–æ–¥ –∞
—Å–ø–∏—Ä–∞–Ω—Ç—É—Ä—ã, –æ—Ç—á–µ—Ç –∑–∞ –≤–µ—Å–µ–Ω–Ω–∏–π —Å–µ–º–µ—Å—Ç—Ä)\appendix
1.aux")
("D:\git_repositories\PhD_dark_matter_latex\–û—Ç—á–µ—Ç –ø–æ –ù–ò–† (3 –≥–æ–¥ –∞
—Å–ø–∏—Ä–∞–Ω—Ç—É—Ä—ã, –æ—Ç—á–µ—Ç –∑–∞ –≤–µ—Å–µ–Ω–Ω–∏–π —Å–µ–º–µ—Å—Ç—Ä)\appendix
2.aux"))
LaTeX Font Info:    Checking defaults for OML/cmm/m/it on input line 63.
LaTeX Font Info:    ... okay on input line 63.
LaTeX Font Info:    Checking defaults for T1/cmr/m/n on input line 63.
LaTeX Font Info:    ... okay on input line 63.
LaTeX Font Info:    Checking defaults for OT1/cmr/m/n on input line 63.
LaTeX Font Info:    ... okay on input line 63.
LaTeX Font Info:    Checking defaults for OMS/cmsy/m/n on input line 63.
LaTeX Font Info:    ... okay on input line 63.
LaTeX Font Info:    Checking defaults for OMX/cmex/m/n on input line 63.
LaTeX Font Info:    ... okay on input line 63.
LaTeX Font Info:    Checking defaults for U/cmr/m/n on input line 63.
LaTeX Font Info:    ... okay on input line 63.
LaTeX Font Info:    Checking defaults for T2A/cmr/m/n on input line 63.
LaTeX Font Info:    ... okay on input line 63.
LaTeX Font Info:    Checking defaults for PD1/pdf/m/n on input line 63.
LaTeX Font Info:    ... okay on input line 63.
LaTeX Font Info:    Checking defaults for PU/pdf/m/n on input line 63.
LaTeX Font Info:    ... okay on input line 63.
 (D:\LaTex\Full_TeX\texmf\tex\context\base\supp-pdf.mkii
[Loading MPS to PDF converter (version 2006.09.02).]
\scratchcounter=\count164
\scratchdimen=\dimen141
\scratchbox=\box55
\nofMPsegments=\count165
\nofMParguments=\count166
\everyMPshowfont=\toks27
\MPscratchCnt=\count167
\MPscratchDim=\dimen142
\MPnumerator=\count168
\makeMPintoPDFobject=\count169
\everyMPtoPDFconversion=\toks28
)
\AtBeginShipoutBox=\box56
Package hyperref Info: Link coloring ON on input line 63.
 (D:\LaTex\Full_TeX\texmf\tex\latex\hyperref\nameref.sty
Package: nameref 2012/10/27 v2.43 Cross-referencing by name of section

(D:\LaTex\Full_TeX\texmf\tex\generic\oberdiek\gettitlestring.sty
Package: gettitlestring 2010/12/03 v1.4 Cleanup title references (HO)
)
\c@section@level=\count170
)
LaTeX Info: Redefining \ref on input line 63.
LaTeX Info: Redefining \pageref on input line 63.
LaTeX Info: Redefining \nameref on input line 63.

("D:\git_repositories\PhD_dark_matter_latex\–û—Ç—á–µ—Ç –ø–æ –ù–ò–† (3 –≥–æ–¥ –∞
—Å–ø–∏—Ä–∞–Ω—Ç—É—Ä—ã, –æ—Ç—á–µ—Ç –∑–∞ –≤–µ—Å–µ–Ω–Ω–∏–π —Å–µ–º–µ—Å—Ç—Ä)\main.out
")
("D:\git_repositories\PhD_dark_matter_latex\–û—Ç—á–µ—Ç –ø–æ –ù–ò–† (3 –≥–æ–¥ –∞
—Å–ø–∏—Ä–∞–Ω—Ç—É—Ä—ã, –æ—Ç—á–µ—Ç –∑–∞ –≤–µ—Å–µ–Ω–Ω–∏–π —Å–µ–º–µ—Å—Ç—Ä)\main.out
")
\@outlinefile=\write3

*geometry* driver: auto-detecting
*geometry* detected driver: pdftex
*geometry* verbose mode - [ preamble ] result:
* driver: pdftex
* paper: a4paper
* layout: <same size as paper>
* layoutoffset:(h,v)=(0.0pt,0.0pt)
* modes: includehead 
* h-part:(L,W,R)=(85.35826pt, 441.01773pt, 71.13188pt)
* v-part:(T,H,B)=(56.9055pt, 731.23584pt, 56.9055pt)
* \paperwidth=597.50787pt
* \paperheight=845.04684pt
* \textwidth=441.01773pt
* \textheight=697.89629pt
* \oddsidemargin=13.08827pt
* \evensidemargin=13.08827pt
* \topmargin=-15.36449pt
* \headheight=12.0pt
* \headsep=21.33955pt
* \topskip=12.0pt
* \footskip=28.45274pt
* \marginparwidth=49.79231pt
* \marginparsep=10.0pt
* \columnsep=10.0pt
* \skip\footins=10.8pt plus 4.0pt minus 2.0pt
* \hoffset=0.0pt
* \voffset=0.0pt
* \mag=1000
* \@twocolumnfalse
* \@twosidefalse
* \@mparswitchfalse
* \@reversemarginfalse
* (1in=72.27pt=25.4mm, 1cm=28.453pt)


("D:\git_repositories\PhD_dark_matter_latex\–û—Ç—á–µ—Ç –ø–æ –ù–ò–† (3 –≥–æ–¥ –∞
—Å–ø–∏—Ä–∞–Ω—Ç—É—Ä—ã, –æ—Ç—á–µ—Ç –∑–∞ –≤–µ—Å–µ–Ω–Ω–∏–π —Å–µ–º–µ—Å—Ç—Ä)\first_pa
ge_var2.tex"<<t2a.cmap>><<ot1.cmap>><<oml.cmap>><<oms.cmap>><<omx.cmap>>
LaTeX Font Info:    External font `cmex7' loaded for size
(Font)              <6> on input line 32.
LaTeX Font Info:    Try loading font information for U+msa on input line 32.

(D:\LaTex\Full_TeX\texmf\tex\latex\amsfonts\umsa.fd
File: umsa.fd 2013/01/14 v3.01 AMS symbols A
)
LaTeX Font Info:    Try loading font information for U+msb on input line 32.

(D:\LaTex\Full_TeX\texmf\tex\latex\amsfonts\umsb.fd
File: umsb.fd 2013/01/14 v3.01 AMS symbols B
)
LaTeX Font Info:    Try loading font information for U+lasy on input line 32.

(D:\LaTex\Full_TeX\texmf\tex\latex\base\ulasy.fd
File: ulasy.fd 1998/08/17 v2.2e LaTeX symbol font definitions
) [1


{D:/LaTex/Full_TeX/texmf/pdftex/config/pdftex.map}])
("D:\git_repositories\PhD_dark_matter_latex\–û—Ç—á–µ—Ç –ø–æ –ù–ò–† (3 –≥–æ–¥ –∞
—Å–ø–∏—Ä–∞–Ω—Ç—É—Ä—ã, –æ—Ç—á–µ—Ç –∑–∞ –≤–µ—Å–µ–Ω–Ω–∏–π —Å–µ–º–µ—Å—Ç—Ä)\abstract
.tex") [2


]
("D:\git_repositories\PhD_dark_matter_latex\–û—Ç—á–µ—Ç –ø–æ –ù–ò–† (3 –≥–æ–¥ –∞
—Å–ø–∏—Ä–∞–Ω—Ç—É—Ä—ã, –æ—Ç—á–µ—Ç –∑–∞ –≤–µ—Å–µ–Ω–Ω–∏–π —Å–µ–º–µ—Å—Ç—Ä)\content_
rus_winter.tex"
("D:\git_repositories\PhD_dark_matter_latex\–û—Ç—á–µ—Ç –ø–æ –ù–ò–† (3 –≥–æ–¥ –∞
—Å–ø–∏—Ä–∞–Ω—Ç—É—Ä—ã, –æ—Ç—á–µ—Ç –∑–∞ –≤–µ—Å–µ–Ω–Ω–∏–π —Å–µ–º–µ—Å—Ç—Ä)\main.toc
")
\tf@toc=\write4
 [3


] [4] <pictures/install_scheme.png, id=85, 280.4076pt x 242.8272pt>
File: pictures/install_scheme.png Graphic file (type png)

<use pictures/install_scheme.png>
Package pdftex.def Info: pictures/install_scheme.png used on input line 22.
(pdftex.def)             Requested size: 352.81552pt x 305.53036pt.


LaTeX Warning: `h' float specifier changed to `ht'.

[5] [6 <D:/git_repositories/PhD_dark_matter_latex/–û—Ç—á–µ—Ç –ø–æ –ù–ò–† (3 –≥–
æ–¥ –∞—Å–ø–∏—Ä–∞–Ω—Ç—É—Ä—ã, –æ—Ç—á–µ—Ç –∑–∞ –≤–µ—Å–µ–Ω–Ω–∏–π —Å–µ–º–µ—Å—Ç—Ä)/pi
ctures/install_scheme.png>] [7]) [8]
("D:\git_repositories\PhD_dark_matter_latex\–û—Ç—á–µ—Ç –ø–æ –ù–ò–† (3 –≥–æ–¥ –∞
—Å–ø–∏—Ä–∞–Ω—Ç—É—Ä—ã, –æ—Ç—á–µ—Ç –∑–∞ –≤–µ—Å–µ–Ω–Ω–∏–π —Å–µ–º–µ—Å—Ç—Ä)\double_s
cattering.tex" [9


]

Package hyperref Warning: Token not allowed in a PDF string (Unicode):
(hyperref)                removing `math shift' on input line 27.


Package hyperref Warning: Token not allowed in a PDF string (Unicode):
(hyperref)                removing `\times' on input line 27.


Package hyperref Warning: Token not allowed in a PDF string (Unicode):
(hyperref)                removing `math shift' on input line 27.

[10]) [11]
("D:\git_repositories\PhD_dark_matter_latex\–û—Ç—á–µ—Ç –ø–æ –ù–ò–† (3 –≥–æ–¥ –∞
—Å–ø–∏—Ä–∞–Ω—Ç—É—Ä—ã, –æ—Ç—á–µ—Ç –∑–∞ –≤–µ—Å–µ–Ω–Ω–∏–π —Å–µ–º–µ—Å—Ç—Ä)\conclusi
ons.tex") [12


]
("D:\git_repositories\PhD_dark_matter_latex\–û—Ç—á–µ—Ç –ø–æ –ù–ò–† (3 –≥–æ–¥ –∞
—Å–ø–∏—Ä–∞–Ω—Ç—É—Ä—ã, –æ—Ç—á–µ—Ç –∑–∞ –≤–µ—Å–µ–Ω–Ω–∏–π —Å–µ–º–µ—Å—Ç—Ä)\bibliogr
aphy.tex"
Underfull \hbox (badness 5504) in paragraph at lines 7--8
[]\T2A/cmr/m/n/12 Buzulutskov A. Advances in Cryogenic Avalanche Detectors // J
. of
 []

[13


]) [14]
("D:\git_repositories\PhD_dark_matter_latex\–û—Ç—á–µ—Ç –ø–æ –ù–ò–† (3 –≥–æ–¥ –∞
—Å–ø–∏—Ä–∞–Ω—Ç—É—Ä—ã, –æ—Ç—á–µ—Ç –∑–∞ –≤–µ—Å–µ–Ω–Ω–∏–π —Å–µ–º–µ—Å—Ç—Ä)\appendix
1.tex") [15


]
("D:\git_repositories\PhD_dark_matter_latex\–û—Ç—á–µ—Ç –ø–æ –ù–ò–† (3 –≥–æ–¥ –∞
—Å–ø–∏—Ä–∞–Ω—Ç—É—Ä—ã, –æ—Ç—á–µ—Ç –∑–∞ –≤–µ—Å–µ–Ω–Ω–∏–π —Å–µ–º–µ—Å—Ç—Ä)\appendix
2.tex") [16


]
Package atveryend Info: Empty hook `BeforeClearDocument' on input line 74.
Package atveryend Info: Empty hook `AfterLastShipout' on input line 74.

("D:\git_repositories\PhD_dark_matter_latex\–û—Ç—á–µ—Ç –ø–æ –ù–ò–† (3 –≥–æ–¥ –∞
—Å–ø–∏—Ä–∞–Ω—Ç—É—Ä—ã, –æ—Ç—á–µ—Ç –∑–∞ –≤–µ—Å–µ–Ω–Ω–∏–π —Å–µ–º–µ—Å—Ç—Ä)\main.aux
"
("D:\git_repositories\PhD_dark_matter_latex\–û—Ç—á–µ—Ç –ø–æ –ù–ò–† (3 –≥–æ–¥ –∞
—Å–ø–∏—Ä–∞–Ω—Ç—É—Ä—ã, –æ—Ç—á–µ—Ç –∑–∞ –≤–µ—Å–µ–Ω–Ω–∏–π —Å–µ–º–µ—Å—Ç—Ä)\first_pa
ge_var2.aux")
("D:\git_repositories\PhD_dark_matter_latex\–û—Ç—á–µ—Ç –ø–æ –ù–ò–† (3 –≥–æ–¥ –∞
—Å–ø–∏—Ä–∞–Ω—Ç—É—Ä—ã, –æ—Ç—á–µ—Ç –∑–∞ –≤–µ—Å–µ–Ω–Ω–∏–π —Å–µ–º–µ—Å—Ç—Ä)\abstract
.aux")
("D:\git_repositories\PhD_dark_matter_latex\–û—Ç—á–µ—Ç –ø–æ –ù–ò–† (3 –≥–æ–¥ –∞
—Å–ø–∏—Ä–∞–Ω—Ç—É—Ä—ã, –æ—Ç—á–µ—Ç –∑–∞ –≤–µ—Å–µ–Ω–Ω–∏–π —Å–µ–º–µ—Å—Ç—Ä)\content_
rus_winter.aux")
("D:\git_repositories\PhD_dark_matter_latex\–û—Ç—á–µ—Ç –ø–æ –ù–ò–† (3 –≥–æ–¥ –∞
—Å–ø–∏—Ä–∞–Ω—Ç—É—Ä—ã, –æ—Ç—á–µ—Ç –∑–∞ –≤–µ—Å–µ–Ω–Ω–∏–π —Å–µ–º–µ—Å—Ç—Ä)\double_s
cattering.aux")
("D:\git_repositories\PhD_dark_matter_latex\–û—Ç—á–µ—Ç –ø–æ –ù–ò–† (3 –≥–æ–¥ –∞
—Å–ø–∏—Ä–∞–Ω—Ç—É—Ä—ã, –æ—Ç—á–µ—Ç –∑–∞ –≤–µ—Å–µ–Ω–Ω–∏–π —Å–µ–º–µ—Å—Ç—Ä)\conclusi
ons.aux")
("D:\git_repositories\PhD_dark_matter_latex\–û—Ç—á–µ—Ç –ø–æ –ù–ò–† (3 –≥–æ–¥ –∞
—Å–ø–∏—Ä–∞–Ω—Ç—É—Ä—ã, –æ—Ç—á–µ—Ç –∑–∞ –≤–µ—Å–µ–Ω–Ω–∏–π —Å–µ–º–µ—Å—Ç—Ä)\bibliogr
aphy.aux")
("D:\git_repositories\PhD_dark_matter_latex\–û—Ç—á–µ—Ç –ø–æ –ù–ò–† (3 –≥–æ–¥ –∞
—Å–ø–∏—Ä–∞–Ω—Ç—É—Ä—ã, –æ—Ç—á–µ—Ç –∑–∞ –≤–µ—Å–µ–Ω–Ω–∏–π —Å–µ–º–µ—Å—Ç—Ä)\appendix
1.aux")
("D:\git_repositories\PhD_dark_matter_latex\–û—Ç—á–µ—Ç –ø–æ –ù–ò–† (3 –≥–æ–¥ –∞
—Å–ø–∏—Ä–∞–Ω—Ç—É—Ä—ã, –æ—Ç—á–µ—Ç –∑–∞ –≤–µ—Å–µ–Ω–Ω–∏–π —Å–µ–º–µ—Å—Ç—Ä)\appendix
2.aux"))
Package atveryend Info: Executing hook `AtVeryEndDocument' on input line 74.
Package atveryend Info: Executing hook `AtEndAfterFileList' on input line 74.
Package rerunfilecheck Info: File `main.out' has not changed.
(rerunfilecheck)             Checksum: 0C3FC1C9C9DD608BA7A3735F8F266A66;2342.
Package atveryend Info: Empty hook `AtVeryVeryEnd' on input line 74.
 ) 
Here is how much of TeX's memory you used:
 12346 strings out of 493921
 184281 string characters out of 3150556
 254013 words of memory out of 3000000
 15259 multiletter control sequences out of 15000+200000
 19199 words of font info for 55 fonts, out of 3000000 for 9000
 841 hyphenation exceptions out of 8191
 42i,11n,47p,1497b,513s stack positions out of 5000i,500n,10000p,200000b,50000s
{D:/LaTex/Full_TeX/texmf/fonts/enc/dvips/cm-super/cm-super-t2a.enc}<D:/LaTex/
Full_TeX/texmf/fonts/type1/public/amsfonts/cm/cmmi12.pfb><D:/LaTex/Full_TeX/tex
mf/fonts/type1/public/amsfonts/cm/cmmi8.pfb><D:/LaTex/Full_TeX/texmf/fonts/type
1/public/amsfonts/cm/cmr12.pfb><D:/LaTex/Full_TeX/texmf/fonts/type1/public/amsf
onts/cm/cmr8.pfb><D:/LaTex/Full_TeX/texmf/fonts/type1/public/amsfonts/cm/cmsy10
.pfb><D:/LaTex/Full_TeX/texmf/fonts/type1/public/amsfonts/cm/cmsy8.pfb><D:/LaTe
x/Full_TeX/texmf/fonts/type1/public/cm-super/sfbx1200.pfb><D:/LaTex/Full_TeX/te
xmf/fonts/type1/public/cm-super/sfbx1440.pfb><D:/LaTex/Full_TeX/texmf/fonts/typ
e1/public/cm-super/sfbx1728.pfb><D:/LaTex/Full_TeX/texmf/fonts/type1/public/cm-
super/sfrm1200.pfb>
Output written on main.pdf (16 pages, 314334 bytes).
PDF statistics:
 267 PDF objects out of 1000 (max. 8388607)
 79 named destinations out of 1000 (max. 500000)
 106 words of extra memory for PDF output out of 10000 (max. 10000000)

