This is pdfTeX, Version 3.1415926-2.5-1.40.14 (MiKTeX 2.9) (preloaded format=pdflatex 2013.12.8)  16 JUN 2017 18:09
entering extended mode
**D:/git_repositories/PhD_dark_matter_latex/Russian-Phd-LaTeX-Dissertation-Temp
late-master/Russian-Phd-LaTeX-Dissertation-Template-master/common/packages.tex

(D:/git_repositories/PhD_dark_matter_latex/Russian-Phd-LaTeX-Dissertation-Templ
ate-master/Russian-Phd-LaTeX-Dissertation-Template-master/common/packages.tex
LaTeX2e <2011/06/27>
Babel <v3.8m> and hyphenation patterns for english, afrikaans, ancientgreek, ar
abic, armenian, assamese, basque, bengali, bokmal, bulgarian, catalan, coptic, 
croatian, czech, danish, dutch, esperanto, estonian, farsi, finnish, french, ga
lician, german, german-x-2013-05-26, greek, gujarati, hindi, hungarian, iceland
ic, indonesian, interlingua, irish, italian, kannada, kurmanji, latin, latvian,
 lithuanian, malayalam, marathi, mongolian, mongolianlmc, monogreek, ngerman, n
german-x-2013-05-26, nynorsk, oriya, panjabi, pinyin, polish, portuguese, roman
ian, russian, sanskrit, serbian, slovak, slovenian, spanish, swedish, swissgerm
an, tamil, telugu, turkish, turkmen, ukenglish, ukrainian, uppersorbian, usengl
ishmax, welsh, loaded.
(D:\LaTex\Full_TeX\texmf\tex\generic\ifxetex\ifxetex.sty
Package: ifxetex 2010/09/12 v0.6 Provides ifxetex conditional
)
(D:\LaTex\Full_TeX\texmf\tex\generic\oberdiek\ifluatex.sty
Package: ifluatex 2010/03/01 v1.3 Provides the ifluatex switch (HO)
Package ifluatex Info: LuaTeX not detected.
)
(D:\LaTex\Full_TeX\texmf\tex\latex\etoolbox\etoolbox.sty
Package: etoolbox 2017/01/02 v2.4 e-TeX tools for LaTeX (JAW)

(D:\LaTex\Full_TeX\texmf\tex\latex\misc\etex.sty
Package: etex 1998/03/26 v2.0 eTeX basic definition package (PEB)
\et@xins=\count79
)
\etb@tempcnta=\count80
)

! LaTeX Error: \usepackage before \documentclass.

See the LaTeX manual or LaTeX Companion for explanation.
Type  H <return>  for immediate help.
 ...                                              
                                                  
l.17 \usepackage{
                 pdflscape}                              % –î–ª—è –≤–∫–ª—é—á...

\usepackage may only appear in the document preamble, i.e.,
between \documentclass and \begin{document}.


! LaTeX Error: \usepackage before \documentclass.

See the LaTeX manual or LaTeX Companion for explanation.
Type  H <return>  for immediate help.
 ...                                              
                                                  
l.18 \usepackage{
                 geometry}                               % –î–ª—è –ø–æ—Å–ª–µ...

\usepackage may only appear in the document preamble, i.e.,
between \documentclass and \begin{document}.


! LaTeX Error: \usepackage before \documentclass.

See the LaTeX manual or LaTeX Companion for explanation.
Type  H <return>  for immediate help.
 ...                                              
                                                  
l.21 \usepackage{
                 amsthm,amsfonts,amsmath,amssymb,amscd}  % –ú–∞—Ç–µ–º–∞—Ç–∏—...

\usepackage may only appear in the document preamble, i.e.,
between \documentclass and \begin{document}.


! LaTeX Error: \usepackage before \documentclass.

See the LaTeX manual or LaTeX Companion for explanation.
Type  H <return>  for immediate help.
 ...                                              
                                                  
l.22 \usepackage{
                 mathtools}                              % –î–æ–±–∞–≤–ª—è–µ—...

\usepackage may only appear in the document preamble, i.e.,
between \documentclass and \begin{document}.

\curtextsize=\skip41
\bigtextsize=\skip42
(D:\LaTex\Full_TeX\texmf\tex\generic\pdftex\glyphtounicode.tex)
(D:\LaTex\Full_TeX\texmf\\tex\latex\pdfx\glyphtounicode-cmr.tex