This is pdfTeX, Version 3.1415926-2.5-1.40.14 (MiKTeX 2.9) (preloaded format=pdflatex 2013.12.8)  28 AUG 2017 10:04
entering extended mode
**D:/git_repositories/PhD_dark_matter_latex/ISC2017/–û–±—Ä–∞–∑–µ—Ü/sample.tex
(D:/git_repositories/PhD_dark_matter_latex/ISC2017/–û–±—Ä–∞–∑–µ—Ü/sample.tex
LaTeX2e <2011/06/27>
Babel <v3.8m> and hyphenation patterns for english, afrikaans, ancientgreek, ar
abic, armenian, assamese, basque, bengali, bokmal, bulgarian, catalan, coptic, 
croatian, czech, danish, dutch, esperanto, estonian, farsi, finnish, french, ga
lician, german, german-x-2013-05-26, greek, gujarati, hindi, hungarian, iceland
ic, indonesian, interlingua, irish, italian, kannada, kurmanji, latin, latvian,
 lithuanian, malayalam, marathi, mongolian, mongolianlmc, monogreek, ngerman, n
german-x-2013-05-26, nynorsk, oriya, panjabi, pinyin, polish, portuguese, roman
ian, russian, sanskrit, serbian, slovak, slovenian, spanish, swedish, swissgerm
an, tamil, telugu, turkish, turkmen, ukenglish, ukrainian, uppersorbian, usengl
ishmax, welsh, loaded.
(D:\LaTex\Full_TeX\texmf\tex\latex\base\article.cls
Document Class: article 2007/10/19 v1.4h Standard LaTeX document class
(D:\LaTex\Full_TeX\texmf\tex\latex\base\size12.clo
File: size12.clo 2007/10/19 v1.4h Standard LaTeX file (size option)
)
\c@part=\count79
\c@section=\count80
\c@subsection=\count81
\c@subsubsection=\count82
\c@paragraph=\count83
\c@subparagraph=\count84
\c@figure=\count85
\c@table=\count86
\abovecaptionskip=\skip41
\belowcaptionskip=\skip42
\bibindent=\dimen102
)
(D:\git_repositories\PhD_dark_matter_latex\ISC2017\–û–±—Ä–∞–∑–µ—Ü\sample.aux)
LaTeX Font Info:    Checking defaults for OML/cmm/m/it on input line 2.
LaTeX Font Info:    ... okay on input line 2.
LaTeX Font Info:    Checking defaults for T1/cmr/m/n on input line 2.
LaTeX Font Info:    ... okay on input line 2.
LaTeX Font Info:    Checking defaults for OT1/cmr/m/n on input line 2.
LaTeX Font Info:    ... okay on input line 2.
LaTeX Font Info:    Checking defaults for OMS/cmsy/m/n on input line 2.
LaTeX Font Info:    ... okay on input line 2.
LaTeX Font Info:    Checking defaults for OMX/cmex/m/n on input line 2.
LaTeX Font Info:    ... okay on input line 2.
LaTeX Font Info:    Checking defaults for U/cmr/m/n on input line 2.
LaTeX Font Info:    ... okay on input line 2.
LaTeX Font Info:    External font `cmex10' loaded for size
(Font)              <12> on input line 7.
LaTeX Font Info:    External font `cmex10' loaded for size
(Font)              <8> on input line 7.
LaTeX Font Info:    External font `cmex10' loaded for size
(Font)              <6> on input line 7.
LaTeX Font Info:    External font `cmex10' loaded for size
(Font)              <7> on input line 10.
LaTeX Font Info:    External font `cmex10' loaded for size
(Font)              <5> on input line 10.
LaTeX Font Info:    External font `cmex10' loaded for size
(Font)              <10.95> on input line 15.

[1

{D:/LaTex/Full_TeX/texmf/pdftex/config/pdftex.map}]
Missing character: There is no ˛ in font cmr12!
 [2] [3]
(D:\git_repositories\PhD_dark_matter_latex\ISC2017\–û–±—Ä–∞–∑–µ—Ü\sample.aux) )
 
Here is how much of TeX's memory you used:
 255 strings out of 493921
 3074 string characters out of 3150556
 54031 words of memory out of 3000000
 3621 multiletter control sequences out of 15000+200000
 8898 words of font info for 31 fonts, out of 3000000 for 9000
 841 hyphenation exceptions out of 8191
 23i,8n,19p,219b,219s stack positions out of 5000i,500n,10000p,200000b,50000s
<D:/LaTex/Full_TeX/texmf/fonts/type1/public/amsfonts/cm/cmbx12.pfb><D:/LaTex/Fu
ll_TeX/texmf/fonts/type1/public/amsfonts/cm/cmex10.pfb><D:/LaTex/Full_TeX/texmf
/fonts/type1/public/amsfonts/cm/cmmi12.pfb><D:/LaTex/Full_TeX/texmf/fonts/type1
/public/amsfonts/cm/cmmi8.pfb><D:/LaTex/Full_TeX/texmf/fonts/type1/public/amsfo
nts/cm/cmr10.pfb><D:/LaTex/Full_TeX/texmf/fonts/type1/public/amsfonts/cm/cmr12.
pfb><D:/LaTex/Full_TeX/texmf/fonts/type1/public/amsfonts/cm/cmr7.pfb><D:/LaTex/
Full_TeX/texmf/fonts/type1/public/amsfonts/cm/cmr8.pfb><D:/LaTex/Full_TeX/texmf
/fonts/type1/public/amsfonts/cm/cmsy10.pfb><D:/LaTex/Full_TeX/texmf/fonts/type1
/public/amsfonts/cm/cmsy8.pfb><D:/LaTex/Full_TeX/texmf/fonts/type1/public/amsfo
nts/cm/cmti10.pfb><D:/LaTex/Full_TeX/texmf/fonts/type1/public/amsfonts/cm/cmti1
2.pfb>
Output written on sample.pdf (3 pages, 155873 bytes).
PDF statistics:
 60 PDF objects out of 1000 (max. 8388607)
 0 named destinations out of 1000 (max. 500000)
 1 words of extra memory for PDF output out of 10000 (max. 10000000)

