This is pdfTeX, Version 3.1415926-2.5-1.40.14 (MiKTeX 2.9) (preloaded format=pdflatex 2013.12.8)  16 JAN 2018 19:29
entering extended mode
**D:/git_repositories/PhD_dark_matter_latex/–û—Ç—á–µ—Ç*–ø–æ*–ù–ò–†*(4*–≥–æ–¥*–∞
—Å–ø–∏—Ä–∞–Ω—Ç—É—Ä—ã,*–æ—Ç—á–µ—Ç*–∑–∞**–∑–∏–º–Ω–∏–π*—Å–µ–º–µ—Å—Ç—Ä)/main.tex

("D:/git_repositories/PhD_dark_matter_latex/–û—Ç—á–µ—Ç –ø–æ –ù–ò–† (4 –≥–æ–¥ –∞
—Å–ø–∏—Ä–∞–Ω—Ç—É—Ä—ã, –æ—Ç—á–µ—Ç –∑–∞  –∑–∏–º–Ω–∏–π —Å–µ–º–µ—Å—Ç—Ä)/main.tex"
LaTeX2e <2011/06/27>
Babel <v3.8m> and hyphenation patterns for english, afrikaans, ancientgreek, ar
abic, armenian, assamese, basque, bengali, bokmal, bulgarian, catalan, coptic, 
croatian, czech, danish, dutch, esperanto, estonian, farsi, finnish, french, ga
lician, german, german-x-2013-05-26, greek, gujarati, hindi, hungarian, iceland
ic, indonesian, interlingua, irish, italian, kannada, kurmanji, latin, latvian,
 lithuanian, malayalam, marathi, mongolian, mongolianlmc, monogreek, ngerman, n
german-x-2013-05-26, nynorsk, oriya, panjabi, pinyin, polish, portuguese, roman
ian, russian, sanskrit, serbian, slovak, slovenian, spanish, swedish, swissgerm
an, tamil, telugu, turkish, turkmen, ukenglish, ukrainian, uppersorbian, usengl
ishmax, welsh, loaded.
(D:\LaTex\Full_TeX\texmf\tex\latex\base\report.cls
Document Class: report 2007/10/19 v1.4h Standard LaTeX document class
(D:\LaTex\Full_TeX\texmf\tex\latex\base\size12.clo
File: size12.clo 2007/10/19 v1.4h Standard LaTeX file (size option)
)
\c@part=\count79
\c@chapter=\count80
\c@section=\count81
\c@subsection=\count82
\c@subsubsection=\count83
\c@paragraph=\count84
\c@subparagraph=\count85
\c@figure=\count86
\c@table=\count87
\abovecaptionskip=\skip41
\belowcaptionskip=\skip42
\bibindent=\dimen102
)
(D:\LaTex\Full_TeX\texmf\tex\latex\cmap\cmap.sty
Package: cmap 2008/03/06 v1.0h CMap support: searchable PDF
)
(D:\LaTex\Full_TeX\texmf\tex\latex\base\inputenc.sty
Package: inputenc 2008/03/30 v1.1d Input encoding file
\inpenc@prehook=\toks14
\inpenc@posthook=\toks15

(D:\LaTex\Full_TeX\texmf\tex\latex\cyrillic\cp1251.def
File: cp1251.def 1999/11/16 v1.0d Input encoding file
))
(D:\LaTex\Full_TeX\texmf\tex\latex\base\fontenc.sty
Package: fontenc 2005/09/27 v1.99g Standard LaTeX package

(D:\LaTex\Full_TeX\texmf\tex\latex\cyrillic\t2aenc.def
File: t2aenc.def 2005/09/27 v1.0i Cyrillic encoding definition file
)
LaTeX Font Info:    Try loading font information for T2A+cmr on input line 100.


(D:\LaTex\Full_TeX\texmf\tex\latex\cyrillic\t2acmr.fd
File: t2acmr.fd 2001/08/11 v1.0a Computer Modern Cyrillic font definitions
)<<t2a.cmap>>)
(D:\LaTex\Full_TeX\texmf\tex\generic\babel\babel.sty
Package: babel 2008/07/08 v3.8m The Babel package

*************************************
* Local config file bblopts.cfg used
*
(D:\LaTex\Full_TeX\texmf\tex\latex\00miktex\bblopts.cfg
File: bblopts.cfg 2006/07/31 v1.0 MiKTeX 'babel' configuration
)
(D:\LaTex\Full_TeX\texmf\tex\generic\babel\english.ldf
Language: english 2005/03/30 v3.3o English support from the babel system

(D:\LaTex\Full_TeX\texmf\tex\generic\babel\babel.def
File: babel.def 2008/07/08 v3.8m Babel common definitions
\babel@savecnt=\count88
\U@D=\dimen103
)
\l@canadian = a dialect from \language\l@american 
\l@australian = a dialect from \language\l@british 
\l@newzealand = a dialect from \language\l@british 
)
(D:\LaTex\Full_TeX\texmf\tex\generic\babel\germanb.ldf
Language: germanb 2008/06/01 v2.6m German support from the babel system
\l@austrian = a dialect from \language\l@german 
Package babel Info: Making " an active character on input line 102.
)
(D:\LaTex\Full_TeX\texmf\tex\generic\babel\russianb.ldf
Language: russianb 2008/03/21 v1.1r Russian support from the babel system
))
(D:\LaTex\Full_TeX\texmf\tex\latex\tools\calc.sty
Package: calc 2007/08/22 v4.3 Infix arithmetic (KKT,FJ)
\calc@Acount=\count89
\calc@Bcount=\count90
\calc@Adimen=\dimen104
\calc@Bdimen=\dimen105
\calc@Askip=\skip43
\calc@Bskip=\skip44
LaTeX Info: Redefining \setlength on input line 76.
LaTeX Info: Redefining \addtolength on input line 77.
\calc@Ccount=\count91
\calc@Cskip=\skip45
)
(D:\LaTex\Full_TeX\texmf\tex\latex\graphics\graphicx.sty
Package: graphicx 1999/02/16 v1.0f Enhanced LaTeX Graphics (DPC,SPQR)

(D:\LaTex\Full_TeX\texmf\tex\latex\graphics\keyval.sty
Package: keyval 1999/03/16 v1.13 key=value parser (DPC)
\KV@toks@=\toks16
)
(D:\LaTex\Full_TeX\texmf\tex\latex\graphics\graphics.sty
Package: graphics 2009/02/05 v1.0o Standard LaTeX Graphics (DPC,SPQR)

(D:\LaTex\Full_TeX\texmf\tex\latex\graphics\trig.sty
Package: trig 1999/03/16 v1.09 sin cos tan (DPC)
)
(D:\LaTex\Full_TeX\texmf\tex\latex\00miktex\graphics.cfg
File: graphics.cfg 2007/01/18 v1.5 graphics configuration of teTeX/TeXLive
)
Package graphics Info: Driver file: pdftex.def on input line 91.

(D:\LaTex\Full_TeX\texmf\tex\latex\pdftex-def\pdftex.def
File: pdftex.def 2011/05/27 v0.06d Graphics/color for pdfTeX

(D:\LaTex\Full_TeX\texmf\tex\generic\oberdiek\infwarerr.sty
Package: infwarerr 2010/04/08 v1.3 Providing info/warning/error messages (HO)
)
(D:\LaTex\Full_TeX\texmf\tex\generic\oberdiek\ltxcmds.sty
Package: ltxcmds 2011/11/09 v1.22 LaTeX kernel commands for general use (HO)
)
\Gread@gobject=\count92
))
\Gin@req@height=\dimen106
\Gin@req@width=\dimen107
)
(D:\LaTex\Full_TeX\texmf\tex\latex\oberdiek\epstopdf.sty
Package: epstopdf 2010/02/09 v2.5 Conversion with epstopdf on the fly (HO)

(D:\LaTex\Full_TeX\texmf\tex\latex\oberdiek\epstopdf-base.sty
Package: epstopdf-base 2010/02/09 v2.5 Base part for package epstopdf

(D:\LaTex\Full_TeX\texmf\tex\latex\oberdiek\grfext.sty
Package: grfext 2010/08/19 v1.1 Manage graphics extensions (HO)

(D:\LaTex\Full_TeX\texmf\tex\generic\oberdiek\kvdefinekeys.sty
Package: kvdefinekeys 2011/04/07 v1.3 Define keys (HO)
))
(D:\LaTex\Full_TeX\texmf\tex\latex\oberdiek\kvoptions.sty
Package: kvoptions 2011/06/30 v3.11 Key value format for package options (HO)

(D:\LaTex\Full_TeX\texmf\tex\generic\oberdiek\kvsetkeys.sty
Package: kvsetkeys 2012/04/25 v1.16 Key value parser (HO)

(D:\LaTex\Full_TeX\texmf\tex\generic\oberdiek\etexcmds.sty
Package: etexcmds 2011/02/16 v1.5 Avoid name clashes with e-TeX commands (HO)

(D:\LaTex\Full_TeX\texmf\tex\generic\oberdiek\ifluatex.sty
Package: ifluatex 2010/03/01 v1.3 Provides the ifluatex switch (HO)
Package ifluatex Info: LuaTeX not detected.
)
Package etexcmds Info: Could not find \expanded.
(etexcmds)             That can mean that you are not using pdfTeX 1.50 or
(etexcmds)             that some package has redefined \expanded.
(etexcmds)             In the latter case, load this package earlier.
)))
(D:\LaTex\Full_TeX\texmf\tex\generic\oberdiek\pdftexcmds.sty
Package: pdftexcmds 2011/11/29 v0.20 Utility functions of pdfTeX for LuaTeX (HO
)

(D:\LaTex\Full_TeX\texmf\tex\generic\oberdiek\ifpdf.sty
Package: ifpdf 2011/01/30 v2.3 Provides the ifpdf switch (HO)
Package ifpdf Info: pdfTeX in PDF mode is detected.
)
Package pdftexcmds Info: LuaTeX not detected.
Package pdftexcmds Info: \pdf@primitive is available.
Package pdftexcmds Info: \pdf@ifprimitive is available.
Package pdftexcmds Info: \pdfdraftmode found.
)
Package grfext Info: Graphics extension search list:
(grfext)             [.png,.pdf,.jpg,.mps,.jpeg,.jbig2,.jb2,.PNG,.PDF,.JPG,.JPE
G,.JBIG2,.JB2,.eps]
(grfext)             \AppendGraphicsExtensions on input line 452.
))
(D:\LaTex\Full_TeX\texmf\tex\latex\subfigure\subfigure.sty
Package: subfigure 2002/07/30 v2.1.4 subfigure package
\subfigtopskip=\skip46
\subfigcapskip=\skip47
\subfigcaptopadj=\dimen108
\subfigbottomskip=\skip48
\subfigcapmargin=\dimen109
\subfiglabelskip=\skip49
\c@subfigure=\count93
\c@lofdepth=\count94
\c@subtable=\count95
\c@lotdepth=\count96

****************************************
* Local config file subfigure.cfg used *
****************************************
(D:\LaTex\Full_TeX\texmf\tex\latex\subfigure\subfigure.cfg)
\subfig@top=\skip50
\subfig@bottom=\skip51
)
(D:\LaTex\Full_TeX\texmf\tex\latex\tocloft\tocloft.sty
Package: tocloft 2017/08/31 v2.3i parameterised ToC, etc., typesetting
Package tocloft Info: The document has chapter divisions on input line 51.
\cftparskip=\skip52
\cftbeforetoctitleskip=\skip53
\cftaftertoctitleskip=\skip54
\cftbeforepartskip=\skip55
\cftpartnumwidth=\skip56
\cftpartindent=\skip57
\cftbeforechapskip=\skip58
\cftchapindent=\skip59
\cftchapnumwidth=\skip60
\cftbeforesecskip=\skip61
\cftsecindent=\skip62
\cftsecnumwidth=\skip63
\cftbeforesubsecskip=\skip64
\cftsubsecindent=\skip65
\cftsubsecnumwidth=\skip66
\cftbeforesubsubsecskip=\skip67
\cftsubsubsecindent=\skip68
\cftsubsubsecnumwidth=\skip69
\cftbeforeparaskip=\skip70
\cftparaindent=\skip71
\cftparanumwidth=\skip72
\cftbeforesubparaskip=\skip73
\cftsubparaindent=\skip74
\cftsubparanumwidth=\skip75
\cftbeforeloftitleskip=\skip76
\cftafterloftitleskip=\skip77
\cftbeforefigskip=\skip78
\cftfigindent=\skip79
\cftfignumwidth=\skip80
\cftbeforelottitleskip=\skip81
\cftafterlottitleskip=\skip82
\cftbeforetabskip=\skip83
\cfttabindent=\skip84
\cfttabnumwidth=\skip85
\cftbeforesubfigskip=\skip86
\cftsubfigindent=\skip87
\cftsubfignumwidth=\skip88
\cftbeforesubtabskip=\skip89
\cftsubtabindent=\skip90
\cftsubtabnumwidth=\skip91
)
(D:\LaTex\Full_TeX\texmf\tex\latex\base\latexsym.sty
Package: latexsym 1998/08/17 v2.2e Standard LaTeX package (lasy symbols)
\symlasy=\mathgroup4
LaTeX Font Info:    Overwriting symbol font `lasy' in version `bold'
(Font)                  U/lasy/m/n --> U/lasy/b/n on input line 47.
)
(D:\LaTex\Full_TeX\texmf\tex\latex\amsfonts\amsfonts.sty
Package: amsfonts 2013/01/14 v3.01 Basic AMSFonts support
\@emptytoks=\toks17
\symAMSa=\mathgroup5
\symAMSb=\mathgroup6
LaTeX Font Info:    Overwriting math alphabet `\mathfrak' in version `bold'
(Font)                  U/euf/m/n --> U/euf/b/n on input line 106.
)
(D:\LaTex\Full_TeX\texmf\tex\latex\amsfonts\amssymb.sty
Package: amssymb 2013/01/14 v3.01 AMS font symbols
)
(D:\LaTex\Full_TeX\texmf\tex\latex\amsmath\amsmath.sty
Package: amsmath 2013/01/14 v2.14 AMS math features
\@mathmargin=\skip92

For additional information on amsmath, use the `?' option.
(D:\LaTex\Full_TeX\texmf\tex\latex\amsmath\amstext.sty
Package: amstext 2000/06/29 v2.01

(D:\LaTex\Full_TeX\texmf\tex\latex\amsmath\amsgen.sty
File: amsgen.sty 1999/11/30 v2.0
\@emptytoks=\toks18
\ex@=\dimen110
))
(D:\LaTex\Full_TeX\texmf\tex\latex\amsmath\amsbsy.sty
Package: amsbsy 1999/11/29 v1.2d
\pmbraise@=\dimen111
)
(D:\LaTex\Full_TeX\texmf\tex\latex\amsmath\amsopn.sty
Package: amsopn 1999/12/14 v2.01 operator names
)
\inf@bad=\count97
LaTeX Info: Redefining \frac on input line 210.
\uproot@=\count98
\leftroot@=\count99
LaTeX Info: Redefining \overline on input line 306.
\classnum@=\count100
\DOTSCASE@=\count101
LaTeX Info: Redefining \ldots on input line 378.
LaTeX Info: Redefining \dots on input line 381.
LaTeX Info: Redefining \cdots on input line 466.
\Mathstrutbox@=\box26
\strutbox@=\box27
\big@size=\dimen112
LaTeX Font Info:    Redeclaring font encoding OML on input line 566.
LaTeX Font Info:    Redeclaring font encoding OMS on input line 567.
\macc@depth=\count102
\c@MaxMatrixCols=\count103
\dotsspace@=\muskip10
\c@parentequation=\count104
\dspbrk@lvl=\count105
\tag@help=\toks19
\row@=\count106
\column@=\count107
\maxfields@=\count108
\andhelp@=\toks20
\eqnshift@=\dimen113
\alignsep@=\dimen114
\tagshift@=\dimen115
\tagwidth@=\dimen116
\totwidth@=\dimen117
\lineht@=\dimen118
\@envbody=\toks21
\multlinegap=\skip93
\multlinetaggap=\skip94
\mathdisplay@stack=\toks22
LaTeX Info: Redefining \[ on input line 2665.
LaTeX Info: Redefining \] on input line 2666.
)
(D:\LaTex\Full_TeX\texmf\tex\latex\amsfonts\eucal.sty
Package: eucal 2009/06/22 v3.00 Euler Script fonts
LaTeX Font Info:    Overwriting math alphabet `\EuScript' in version `bold'
(Font)                  U/eus/m/n --> U/eus/b/n on input line 33.
)
(D:\LaTex\Full_TeX\texmf\tex\latex\base\exscale.sty
Package: exscale 2007/10/29 v2.1h Standard LaTeX package exscale
LaTeX Font Info:    Redeclaring symbol font `largesymbols' on input line 52.
LaTeX Font Info:    Overwriting symbol font `largesymbols' in version `normal'
(Font)                  OMX/cmex/m/n --> OMX/cmex/m/n on input line 52.
LaTeX Font Info:    Overwriting symbol font `largesymbols' in version `bold'
(Font)                  OMX/cmex/m/n --> OMX/cmex/m/n on input line 52.
\big@size=\dimen119
)
(D:\LaTex\Full_TeX\texmf\tex\latex\tools\xspace.sty
Package: xspace 2009/10/20 v1.13 Space after command names (DPC,MH)
)
(D:\LaTex\Full_TeX\texmf\tex\latex\tools\indentfirst.sty
Package: indentfirst 1995/11/23 v1.03 Indent first paragraph (DPC)
)
(D:\LaTex\Full_TeX\texmf\tex\latex\tools\verbatim.sty
Package: verbatim 2003/08/22 v1.5q LaTeX2e package for verbatim enhancements
\every@verbatim=\toks23
\verbatim@line=\toks24
\verbatim@in@stream=\read1
)
(D:\LaTex\Full_TeX\texmf\tex\latex\tools\layout.sty
Package: layout 2000/09/25 v1.2c Show layout parameters
\oneinch=\count109
\cnt@paperwidth=\count110
\cnt@paperheight=\count111
\cnt@hoffset=\count112
\cnt@voffset=\count113
\cnt@textheight=\count114
\cnt@textwidth=\count115
\cnt@topmargin=\count116
\cnt@oddsidemargin=\count117
\cnt@evensidemargin=\count118
\cnt@headheight=\count119
\cnt@headsep=\count120
\cnt@marginparsep=\count121
\cnt@marginparwidth=\count122
\cnt@marginparpush=\count123
\cnt@footskip=\count124
\fheight=\count125
\ref@top=\count126
\ref@hoffset=\count127
\ref@voffset=\count128
\ref@head=\count129
\ref@body=\count130
\ref@foot=\count131
\ref@margin=\count132
\ref@marginwidth=\count133
\ref@marginpar=\count134
\Interval=\count135
\ExtraYPos=\count136
\PositionX=\count137
\PositionY=\count138
\ArrowLength=\count139
)
(D:\LaTex\Full_TeX\texmf\tex\latex\miller\miller.sty
Package: miller 2004/09/20 v1.2 print miller indices
)
(D:\LaTex\Full_TeX\texmf\tex\latex\natbib\natbib.sty
Package: natbib 2010/09/13 8.31b (PWD, AO)
\bibhang=\skip95
\bibsep=\skip96
LaTeX Info: Redefining \cite on input line 694.
\c@NAT@ctr=\count140
)
(D:\LaTex\Full_TeX\texmf\tex\latex\url\url.sty
\Urlmuskip=\muskip11
Package: url 2006/04/12  ver 3.3  Verb mode for urls, etc.
)
(D:\LaTex\Full_TeX\texmf\tex\latex\tools\tabularx.sty
Package: tabularx 1999/01/07 v2.07 `tabularx' package (DPC)

(D:\LaTex\Full_TeX\texmf\tex\latex\tools\array.sty
Package: array 2008/09/09 v2.4c Tabular extension package (FMi)
\col@sep=\dimen120
\extrarowheight=\dimen121
\NC@list=\toks25
\extratabsurround=\skip97
\backup@length=\skip98
)
\TX@col@width=\dimen122
\TX@old@table=\dimen123
\TX@old@col=\dimen124
\TX@target=\dimen125
\TX@delta=\dimen126
\TX@cols=\count141
\TX@ftn=\toks26
)
(D:\LaTex\Full_TeX\texmf\tex\latex\tools\multicol.sty
Package: multicol 2011/06/27 v1.7a multicolumn formatting (FMi)
\c@tracingmulticols=\count142
\mult@box=\box28
\multicol@leftmargin=\dimen127
\c@unbalance=\count143
\c@collectmore=\count144
\doublecol@number=\count145
\multicoltolerance=\count146
\multicolpretolerance=\count147
\full@width=\dimen128
\page@free=\dimen129
\premulticols=\dimen130
\postmulticols=\dimen131
\multicolsep=\skip99
\multicolbaselineskip=\skip100
\partial@page=\box29
\last@line=\box30
\mult@rightbox=\box31
\mult@grightbox=\box32
\mult@gfirstbox=\box33
\mult@firstbox=\box34
\@tempa=\box35
\@tempa=\box36
\@tempa=\box37
\@tempa=\box38
\@tempa=\box39
\@tempa=\box40
\@tempa=\box41
\@tempa=\box42
\@tempa=\box43
\@tempa=\box44
\@tempa=\box45
\@tempa=\box46
\@tempa=\box47
\@tempa=\box48
\@tempa=\box49
\@tempa=\box50
\@tempa=\box51
\c@columnbadness=\count148
\c@finalcolumnbadness=\count149
\last@try=\dimen132
\multicolovershoot=\dimen133
\multicolundershoot=\dimen134
\mult@nat@firstbox=\box52
\colbreak@box=\box53
\multicol@sort@counter=\count150
)
(D:\LaTex\Full_TeX\texmf\tex\latex\multirow\multirow.sty
\bigstrutjot=\dimen135
)
(D:\LaTex\Full_TeX\texmf\tex\latex\tools\hhline.sty
Package: hhline 1994/05/23 v2.03 Table rule package (DPC)
)
(D:\LaTex\Full_TeX\texmf\tex\latex\makecell\makecell.sty
Package: makecell 2009/08/03 V0.1e Managing of Tab Column Heads and Cells
\rotheadsize=\dimen136
\c@nlinenum=\count151
\TeXr@lab=\toks27
)
(D:\LaTex\Full_TeX\texmf\tex\latex\hyperref\hyperref.sty
Package: hyperref 2012/11/06 v6.83m Hypertext links for LaTeX

(D:\LaTex\Full_TeX\texmf\tex\generic\oberdiek\hobsub-hyperref.sty
Package: hobsub-hyperref 2012/04/25 v1.12 Bundle oberdiek, subset hyperref (HO)


(D:\LaTex\Full_TeX\texmf\tex\generic\oberdiek\hobsub-generic.sty
Package: hobsub-generic 2012/04/25 v1.12 Bundle oberdiek, subset generic (HO)
Package: hobsub 2012/04/25 v1.12 Construct package bundles (HO)
Package hobsub Info: Skipping package `infwarerr' (already loaded).
Package hobsub Info: Skipping package `ltxcmds' (already loaded).
Package hobsub Info: Skipping package `ifluatex' (already loaded).
Package: ifvtex 2010/03/01 v1.5 Detect VTeX and its facilities (HO)
Package ifvtex Info: VTeX not detected.
Package: intcalc 2007/09/27 v1.1 Expandable calculations with integers (HO)
Package hobsub Info: Skipping package `ifpdf' (already loaded).
Package hobsub Info: Skipping package `etexcmds' (already loaded).
Package hobsub Info: Skipping package `kvsetkeys' (already loaded).
Package hobsub Info: Skipping package `kvdefinekeys' (already loaded).
Package hobsub Info: Skipping package `pdftexcmds' (already loaded).
Package: pdfescape 2011/11/25 v1.13 Implements pdfTeX's escape features (HO)
Package: bigintcalc 2012/04/08 v1.3 Expandable calculations on big integers (HO
)
Package: bitset 2011/01/30 v1.1 Handle bit-vector datatype (HO)
Package: uniquecounter 2011/01/30 v1.2 Provide unlimited unique counter (HO)
)
Package hobsub Info: Skipping package `hobsub' (already loaded).
Package: letltxmacro 2010/09/02 v1.4 Let assignment for LaTeX macros (HO)
Package: hopatch 2011/06/24 v1.1 Wrapper for package hooks (HO)
Package: xcolor-patch 2011/01/30 xcolor patch
Package: atveryend 2011/06/30 v1.8 Hooks at the very end of document (HO)
Package atveryend Info: \enddocument detected (standard20110627).
Package: atbegshi 2011/10/05 v1.16 At begin shipout hook (HO)
Package: refcount 2011/10/16 v3.4 Data extraction from label references (HO)
Package: hycolor 2011/01/30 v1.7 Color options for hyperref/bookmark (HO)
)
(D:\LaTex\Full_TeX\texmf\tex\generic\ifxetex\ifxetex.sty
Package: ifxetex 2010/09/12 v0.6 Provides ifxetex conditional
)
(D:\LaTex\Full_TeX\texmf\tex\latex\oberdiek\auxhook.sty
Package: auxhook 2011/03/04 v1.3 Hooks for auxiliary files (HO)
)
\@linkdim=\dimen137
\Hy@linkcounter=\count152
\Hy@pagecounter=\count153

(D:\LaTex\Full_TeX\texmf\tex\latex\hyperref\pd1enc.def
File: pd1enc.def 2012/11/06 v6.83m Hyperref: PDFDocEncoding definition (HO)
)
\Hy@SavedSpaceFactor=\count154
Package hyperref Info: Option `unicode' set `true' on input line 3411.

(D:\LaTex\Full_TeX\texmf\tex\latex\hyperref\puenc.def
File: puenc.def 2012/11/06 v6.83m Hyperref: PDF Unicode definition (HO)
)
(D:\LaTex\Full_TeX\texmf\tex\latex\00miktex\hyperref.cfg
File: hyperref.cfg 2002/06/06 v1.2 hyperref configuration of TeXLive
)
Package hyperref Info: Option `unicode' set `true' on input line 4319.
Package hyperref Info: Hyper figures OFF on input line 4443.
Package hyperref Info: Link nesting OFF on input line 4448.
Package hyperref Info: Hyper index ON on input line 4451.
Package hyperref Info: Plain pages OFF on input line 4458.
Package hyperref Info: Backreferencing OFF on input line 4463.
Package hyperref Info: Implicit mode ON; LaTeX internals redefined.
Package hyperref Info: Bookmarks ON on input line 4688.
\c@Hy@tempcnt=\count155
LaTeX Info: Redefining \url on input line 5041.
\XeTeXLinkMargin=\dimen138
\Fld@menulength=\count156
\Field@Width=\dimen139
\Fld@charsize=\dimen140
Package hyperref Info: Hyper figures OFF on input line 6295.
Package hyperref Info: Link nesting OFF on input line 6300.
Package hyperref Info: Hyper index ON on input line 6303.
Package hyperref Info: backreferencing OFF on input line 6310.
Package hyperref Info: Link coloring OFF on input line 6315.
Package hyperref Info: Link coloring with OCG OFF on input line 6320.
Package hyperref Info: PDF/A mode OFF on input line 6325.
LaTeX Info: Redefining \ref on input line 6365.
LaTeX Info: Redefining \pageref on input line 6369.
\Hy@abspage=\count157
\c@Item=\count158
\c@Hfootnote=\count159
)

Package hyperref Message: Driver (autodetected): hpdftex.

(D:\LaTex\Full_TeX\texmf\tex\latex\hyperref\hpdftex.def
File: hpdftex.def 2012/11/06 v6.83m Hyperref driver for pdfTeX
\Fld@listcount=\count160
\c@bookmark@seq@number=\count161

(D:\LaTex\Full_TeX\texmf\tex\latex\oberdiek\rerunfilecheck.sty
Package: rerunfilecheck 2011/04/15 v1.7 Rerun checks for auxiliary files (HO)
Package uniquecounter Info: New unique counter `rerunfilecheck' on input line 2
82.
)
\Hy@SectionHShift=\skip101
)
(D:\LaTex\Full_TeX\texmf\tex\latex\xcolor\xcolor.sty
Package: xcolor 2007/01/21 v2.11 LaTeX color extensions (UK)

(D:\LaTex\Full_TeX\texmf\tex\latex\00miktex\color.cfg
File: color.cfg 2007/01/18 v1.5 color configuration of teTeX/TeXLive
)
Package xcolor Info: Driver file: pdftex.def on input line 225.
Package xcolor Info: Model `cmy' substituted by `cmy0' on input line 1337.
Package xcolor Info: Model `hsb' substituted by `rgb' on input line 1341.
Package xcolor Info: Model `RGB' extended on input line 1353.
Package xcolor Info: Model `HTML' substituted by `rgb' on input line 1355.
Package xcolor Info: Model `Hsb' substituted by `hsb' on input line 1356.
Package xcolor Info: Model `tHsb' substituted by `hsb' on input line 1357.
Package xcolor Info: Model `HSB' substituted by `hsb' on input line 1358.
Package xcolor Info: Model `Gray' substituted by `gray' on input line 1359.
Package xcolor Info: Model `wave' substituted by `hsb' on input line 1360.
)
Package hyperref Info: Option `colorlinks' set `true' on input line 57.

(D:\LaTex\Full_TeX\texmf\tex\latex\rotating\rotating.sty
Package: rotating 2009/03/28 v2.16a rotated objects in LaTeX

(D:\LaTex\Full_TeX\texmf\tex\latex\base\ifthen.sty
Package: ifthen 2001/05/26 v1.1c Standard LaTeX ifthen package (DPC)
)
\c@r@tfl@t=\count162
\rotFPtop=\skip102
\rotFPbot=\skip103
\rot@float@box=\box54
\rot@mess@toks=\toks28
)
(D:\LaTex\Full_TeX\texmf\tex\latex\graphics\lscape.sty
Package: lscape 2000/10/22 v3.01 Landscape Pages (DPC)
)
(D:\LaTex\Full_TeX\texmf\tex\latex\geometry\geometry.sty
Package: geometry 2010/09/12 v5.6 Page Geometry
\Gm@cnth=\count163
\Gm@cntv=\count164
\c@Gm@tempcnt=\count165
\Gm@bindingoffset=\dimen141
\Gm@wd@mp=\dimen142
\Gm@odd@mp=\dimen143
\Gm@even@mp=\dimen144
\Gm@layoutwidth=\dimen145
\Gm@layoutheight=\dimen146
\Gm@layouthoffset=\dimen147
\Gm@layoutvoffset=\dimen148
\Gm@dimlist=\toks29

(D:\LaTex\Full_TeX\texmf\tex\latex\geometry\geometry.cfg))
("D:\git_repositories\PhD_dark_matter_latex\–û—Ç—á–µ—Ç –ø–æ –ù–ò–† (4 –≥–æ–¥ –∞
—Å–ø–∏—Ä–∞–Ω—Ç—É—Ä—ã, –æ—Ç—á–µ—Ç –∑–∞  –∑–∏–º–Ω–∏–π —Å–µ–º–µ—Å—Ç—Ä)\main.aux"
("D:\git_repositories\PhD_dark_matter_latex\–û—Ç—á–µ—Ç –ø–æ –ù–ò–† (4 –≥–æ–¥ –∞
—Å–ø–∏—Ä–∞–Ω—Ç—É—Ä—ã, –æ—Ç—á–µ—Ç –∑–∞  –∑–∏–º–Ω–∏–π —Å–µ–º–µ—Å—Ç—Ä)\first_page_
var2.aux")
("D:\git_repositories\PhD_dark_matter_latex\–û—Ç—á–µ—Ç –ø–æ –ù–ò–† (4 –≥–æ–¥ –∞
—Å–ø–∏—Ä–∞–Ω—Ç—É—Ä—ã, –æ—Ç—á–µ—Ç –∑–∞  –∑–∏–º–Ω–∏–π —Å–µ–º–µ—Å—Ç—Ä)\abstract.au
x")
("D:\git_repositories\PhD_dark_matter_latex\–û—Ç—á–µ—Ç –ø–æ –ù–ò–† (4 –≥–æ–¥ –∞
—Å–ø–∏—Ä–∞–Ω—Ç—É—Ä—ã, –æ—Ç—á–µ—Ç –∑–∞  –∑–∏–º–Ω–∏–π —Å–µ–º–µ—Å—Ç—Ä)\introdactio
n.aux")
("D:\git_repositories\PhD_dark_matter_latex\–û—Ç—á–µ—Ç –ø–æ –ù–ò–† (4 –≥–æ–¥ –∞
—Å–ø–∏—Ä–∞–Ω—Ç—É—Ä—ã, –æ—Ç—á–µ—Ç –∑–∞  –∑–∏–º–Ω–∏–π —Å–µ–º–µ—Å—Ç—Ä)\content_rus
_Sep2017-Jan2018.aux")
("D:\git_repositories\PhD_dark_matter_latex\–û—Ç—á–µ—Ç –ø–æ –ù–ò–† (4 –≥–æ–¥ –∞
—Å–ø–∏—Ä–∞–Ω—Ç—É—Ä—ã, –æ—Ç—á–µ—Ç –∑–∞  –∑–∏–º–Ω–∏–π —Å–µ–º–µ—Å—Ç—Ä)\conclusions
.aux")
("D:\git_repositories\PhD_dark_matter_latex\–û—Ç—á–µ—Ç –ø–æ –ù–ò–† (4 –≥–æ–¥ –∞
—Å–ø–∏—Ä–∞–Ω—Ç—É—Ä—ã, –æ—Ç—á–µ—Ç –∑–∞  –∑–∏–º–Ω–∏–π —Å–µ–º–µ—Å—Ç—Ä)\bibliograph
y.aux")
("D:\git_repositories\PhD_dark_matter_latex\–û—Ç—á–µ—Ç –ø–æ –ù–ò–† (4 –≥–æ–¥ –∞
—Å–ø–∏—Ä–∞–Ω—Ç—É—Ä—ã, –æ—Ç—á–µ—Ç –∑–∞  –∑–∏–º–Ω–∏–π —Å–µ–º–µ—Å—Ç—Ä)\appendix1.a
ux")
("D:\git_repositories\PhD_dark_matter_latex\–û—Ç—á–µ—Ç –ø–æ –ù–ò–† (4 –≥–æ–¥ –∞
—Å–ø–∏—Ä–∞–Ω—Ç—É—Ä—ã, –æ—Ç—á–µ—Ç –∑–∞  –∑–∏–º–Ω–∏–π —Å–µ–º–µ—Å—Ç—Ä)\appendix2.a
ux"))
LaTeX Font Info:    Checking defaults for OML/cmm/m/it on input line 81.
LaTeX Font Info:    ... okay on input line 81.
LaTeX Font Info:    Checking defaults for T1/cmr/m/n on input line 81.
LaTeX Font Info:    ... okay on input line 81.
LaTeX Font Info:    Checking defaults for OT1/cmr/m/n on input line 81.
LaTeX Font Info:    ... okay on input line 81.
LaTeX Font Info:    Checking defaults for OMS/cmsy/m/n on input line 81.
LaTeX Font Info:    ... okay on input line 81.
LaTeX Font Info:    Checking defaults for OMX/cmex/m/n on input line 81.
LaTeX Font Info:    ... okay on input line 81.
LaTeX Font Info:    Checking defaults for U/cmr/m/n on input line 81.
LaTeX Font Info:    ... okay on input line 81.
LaTeX Font Info:    Checking defaults for T2A/cmr/m/n on input line 81.
LaTeX Font Info:    ... okay on input line 81.
LaTeX Font Info:    Checking defaults for PD1/pdf/m/n on input line 81.
LaTeX Font Info:    ... okay on input line 81.
LaTeX Font Info:    Checking defaults for PU/pdf/m/n on input line 81.
LaTeX Font Info:    ... okay on input line 81.
 (D:\LaTex\Full_TeX\texmf\tex\context\base\supp-pdf.mkii
[Loading MPS to PDF converter (version 2006.09.02).]
\scratchcounter=\count166
\scratchdimen=\dimen149
\scratchbox=\box55
\nofMPsegments=\count167
\nofMParguments=\count168
\everyMPshowfont=\toks30
\MPscratchCnt=\count169
\MPscratchDim=\dimen150
\MPnumerator=\count170
\makeMPintoPDFobject=\count171
\everyMPtoPDFconversion=\toks31
)
\AtBeginShipoutBox=\box56
Package hyperref Info: Link coloring ON on input line 81.
 (D:\LaTex\Full_TeX\texmf\tex\latex\hyperref\nameref.sty
Package: nameref 2012/10/27 v2.43 Cross-referencing by name of section

(D:\LaTex\Full_TeX\texmf\tex\generic\oberdiek\gettitlestring.sty
Package: gettitlestring 2010/12/03 v1.4 Cleanup title references (HO)
)
\c@section@level=\count172
)
LaTeX Info: Redefining \ref on input line 81.
LaTeX Info: Redefining \pageref on input line 81.
LaTeX Info: Redefining \nameref on input line 81.

("D:\git_repositories\PhD_dark_matter_latex\–û—Ç—á–µ—Ç –ø–æ –ù–ò–† (4 –≥–æ–¥ –∞
—Å–ø–∏—Ä–∞–Ω—Ç—É—Ä—ã, –æ—Ç—á–µ—Ç –∑–∞  –∑–∏–º–Ω–∏–π —Å–µ–º–µ—Å—Ç—Ä)\main.out")
("D:\git_repositories\PhD_dark_matter_latex\–û—Ç—á–µ—Ç –ø–æ –ù–ò–† (4 –≥–æ–¥ –∞
—Å–ø–∏—Ä–∞–Ω—Ç—É—Ä—ã, –æ—Ç—á–µ—Ç –∑–∞  –∑–∏–º–Ω–∏–π —Å–µ–º–µ—Å—Ç—Ä)\main.out")
\@outlinefile=\write3

*geometry* driver: auto-detecting
*geometry* detected driver: pdftex
*geometry* verbose mode - [ preamble ] result:
* driver: pdftex
* paper: a4paper
* layout: <same size as paper>
* layoutoffset:(h,v)=(0.0pt,0.0pt)
* modes: includehead 
* h-part:(L,W,R)=(85.35826pt, 441.01773pt, 71.13188pt)
* v-part:(T,H,B)=(56.9055pt, 731.23584pt, 56.9055pt)
* \paperwidth=597.50787pt
* \paperheight=845.04684pt
* \textwidth=441.01773pt
* \textheight=697.89629pt
* \oddsidemargin=13.08827pt
* \evensidemargin=13.08827pt
* \topmargin=-15.36449pt
* \headheight=12.0pt
* \headsep=21.33955pt
* \topskip=12.0pt
* \footskip=28.45274pt
* \marginparwidth=49.79231pt
* \marginparsep=10.0pt
* \columnsep=10.0pt
* \skip\footins=10.8pt plus 4.0pt minus 2.0pt
* \hoffset=0.0pt
* \voffset=0.0pt
* \mag=1000
* \@twocolumnfalse
* \@twosidefalse
* \@mparswitchfalse
* \@reversemarginfalse
* (1in=72.27pt=25.4mm, 1cm=28.453pt)


("D:\git_repositories\PhD_dark_matter_latex\–û—Ç—á–µ—Ç –ø–æ –ù–ò–† (4 –≥–æ–¥ –∞
—Å–ø–∏—Ä–∞–Ω—Ç—É—Ä—ã, –æ—Ç—á–µ—Ç –∑–∞  –∑–∏–º–Ω–∏–π —Å–µ–º–µ—Å—Ç—Ä)\first_page_
var2.tex"<<ot1.cmap>><<oml.cmap>><<oms.cmap>><<omx.cmap>>
LaTeX Font Info:    External font `cmex7' loaded for size
(Font)              <6> on input line 32.
LaTeX Font Info:    Try loading font information for U+lasy on input line 32.

(D:\LaTex\Full_TeX\texmf\tex\latex\base\ulasy.fd
File: ulasy.fd 1998/08/17 v2.2e LaTeX symbol font definitions
)
LaTeX Font Info:    Try loading font information for U+msa on input line 32.

(D:\LaTex\Full_TeX\texmf\tex\latex\amsfonts\umsa.fd
File: umsa.fd 2013/01/14 v3.01 AMS symbols A
)
LaTeX Font Info:    Try loading font information for U+msb on input line 32.

(D:\LaTex\Full_TeX\texmf\tex\latex\amsfonts\umsb.fd
File: umsb.fd 2013/01/14 v3.01 AMS symbols B
) [1


{D:/LaTex/Full_TeX/texmf/pdftex/config/pdftex.map}])
("D:\git_repositories\PhD_dark_matter_latex\–û—Ç—á–µ—Ç –ø–æ –ù–ò–† (4 –≥–æ–¥ –∞
—Å–ø–∏—Ä–∞–Ω—Ç—É—Ä—ã, –æ—Ç—á–µ—Ç –∑–∞  –∑–∏–º–Ω–∏–π —Å–µ–º–µ—Å—Ç—Ä)\abstract.te
x") [2


]
("D:\git_repositories\PhD_dark_matter_latex\–û—Ç—á–µ—Ç –ø–æ –ù–ò–† (4 –≥–æ–¥ –∞
—Å–ø–∏—Ä–∞–Ω—Ç—É—Ä—ã, –æ—Ç—á–µ—Ç –∑–∞  –∑–∏–º–Ω–∏–π —Å–µ–º–µ—Å—Ç—Ä)\introdactio
n.tex"
("D:\git_repositories\PhD_dark_matter_latex\–û—Ç—á–µ—Ç –ø–æ –ù–ò–† (4 –≥–æ–¥ –∞
—Å–ø–∏—Ä–∞–Ω—Ç—É—Ä—ã, –æ—Ç—á–µ—Ç –∑–∞  –∑–∏–º–Ω–∏–π —Å–µ–º–µ—Å—Ç—Ä)\main.toc"
[3


])
\tf@toc=\write4
 [4]
LaTeX Font Info:    Try loading font information for U+eus on input line 13.
 (D:\LaTex\Full_TeX\texmf\tex\latex\amsfonts\ueus.fd
File: ueus.fd 2013/01/14 v3.01 Euler Script
)) [5

] [6]
("D:\git_repositories\PhD_dark_matter_latex\–û—Ç—á–µ—Ç –ø–æ –ù–ò–† (4 –≥–æ–¥ –∞
—Å–ø–∏—Ä–∞–Ω—Ç—É—Ä—ã, –æ—Ç—á–µ—Ç –∑–∞  –∑–∏–º–Ω–∏–π —Å–µ–º–µ—Å—Ç—Ä)\content_rus
_Sep2017-Jan2018.tex"
{\Russian \CYRG \cyrl \cyra \cyrv \cyra } 1.
[7



]
{\Russian \CYRG \cyrl \cyra \cyrv \cyra } 2.
LaTeX Font Info:    External font `cmex7' loaded for size
(Font)              <7> on input line 10.

Package hyperref Warning: Token not allowed in a PDF string (Unicode):
(hyperref)                removing `math shift' on input line 10.


Package hyperref Warning: Token not allowed in a PDF string (Unicode):
(hyperref)                removing `superscript' on input line 10.


Package hyperref Warning: Token not allowed in a PDF string (Unicode):
(hyperref)                removing `math shift' on input line 10.


<pictures/171226_Cd109_spectrum_from_Ge_det_view1.pdf, id=206, 563.10374pt x 44
8.67625pt>
File: pictures/171226_Cd109_spectrum_from_Ge_det_view1.pdf Graphic file (type p
df)
 <use pictures/171226_Cd109_spectrum_from_Ge_det_view1.pdf>
Package pdftex.def Info: pictures/171226_Cd109_spectrum_from_Ge_det_view1.pdf u
sed on input line 17.
(pdftex.def)             Requested size: 330.76329pt x 263.55283pt.

<pictures/171226_Cd109_spectrum_from_Ge_det_view2.pdf, id=207, 563.10374pt x 44
8.67625pt>
File: pictures/171226_Cd109_spectrum_from_Ge_det_view2.pdf Graphic file (type p
df)
 <use pictures/171226_Cd109_spectrum_from_Ge_det_view2.pdf>
Package pdftex.def Info: pictures/171226_Cd109_spectrum_from_Ge_det_view2.pdf u
sed on input line 20.
(pdftex.def)             Requested size: 330.76329pt x 263.55283pt.
 [8

]
[9 <D:/git_repositories/PhD_dark_matter_latex/–û—Ç—á–µ—Ç –ø–æ –ù–ò–† (4 –≥–æ–¥ 
–∞—Å–ø–∏—Ä–∞–Ω—Ç—É—Ä—ã, –æ—Ç—á–µ—Ç –∑–∞  –∑–∏–º–Ω–∏–π —Å–µ–º–µ—Å—Ç—Ä)/pictures/
171226_Cd109_spectrum_from_Ge_det_view1.pdf> <D:/git_repositories/PhD_dark_matt
er_latex/–û—Ç—á–µ—Ç –ø–æ –ù–ò–† (4 –≥–æ–¥ –∞—Å–ø–∏—Ä–∞–Ω—Ç—É—Ä—ã, –æ—Ç—á–µ—Ç –∑
–∞  –∑–∏–º–Ω–∏–π —Å–µ–º–µ—Å—Ç—Ä)/pictures/171226_Cd109_spectrum_from_Ge_det_vie
w2.pdf>] [10]
{\Russian \CYRG \cyrl \cyra \cyrv \cyra } 3.
[11

]
{\Russian \CYRG \cyrl \cyra \cyrv \cyra } 4.
<pictures/fig_2Dsetup_3PMT_1PMT.pdf, id=257, 475.53664pt x 390.25798pt>
File: pictures/fig_2Dsetup_3PMT_1PMT.pdf Graphic file (type pdf)

<use pictures/fig_2Dsetup_3PMT_1PMT.pdf>
Package pdftex.def Info: pictures/fig_2Dsetup_3PMT_1PMT.pdf used on input line 
91.
(pdftex.def)             Requested size: 352.81552pt x 289.54265pt.
 [12

] [13 <D:/git_repositories/PhD_dark_matter_latex/–û—Ç—á–µ—Ç –ø–æ –ù–ò–† (4 –≥–æ
–¥ –∞—Å–ø–∏—Ä–∞–Ω—Ç—É—Ä—ã, –æ—Ç—á–µ—Ç –∑–∞  –∑–∏–º–Ω–∏–π —Å–µ–º–µ—Å—Ç—Ä)/pictur
es/fig_2Dsetup_3PMT_1PMT.pdf>]
<pictures/fig_170622_x_ray_6mm_amp_vs_field.pdf, id=280, 564.1075pt x 431.6125p
t>
File: pictures/fig_170622_x_ray_6mm_amp_vs_field.pdf Graphic file (type pdf)
 <use pictures/fig_170622_x_ray_6mm_amp_vs_field.pdf>
Package pdftex.def Info: pictures/fig_170622_x_ray_6mm_amp_vs_field.pdf used on
 input line 129.
(pdftex.def)             Requested size: 264.61333pt x 202.46274pt.

<pictures/fig_171123_xray_2mm_SiPM_matrix_amp_distr_48V.pdf, id=281, 562.1pt x 
449.68pt>
File: pictures/fig_171123_xray_2mm_SiPM_matrix_amp_distr_48V.pdf Graphic file (
type pdf)
 <use pictures/fig_171123_xray_2mm_SiPM_matrix_amp_distr_48V.pdf>
Package pdftex.def Info: pictures/fig_171123_xray_2mm_SiPM_matrix_amp_distr_48V
.pdf used on input line 137.
(pdftex.def)             Requested size: 264.61333pt x 211.68584pt.

Underfull \hbox (badness 2334) in paragraph at lines 138--138
[]\T2A/cmr/m/n/12 –ËÒ. 4.3: []–‡ÒÔÂ‰ÂÎÂÌËÂ ˜ËÒ-Î‡ ÙÓ-ÚÓ-˝ÎÂÍ-ÚÓ-ÌÓ‚, Á‡-Â-„Ë
-ÒÚË-Ó-‚‡Ì-Ì˚ı SiPM-
 []


Overfull \hbox (6.01839pt too wide) in paragraph at lines 146--147
[]\T2A/cmr/m/n/12 œÓ‰ ÍÓ-Ó-‰Ë-Ì‡Ú-Ì˚Ï ‡Á-Â-¯Â-ÌË-ÂÏ Ï‡Ú-Ë-ˆ˚ SiPM ÔÓ‰-‡-ÁÛ
-ÏÂ-‚‡-ÂÚ-Òˇ ‚Â-ÎË-˜Ë-Ì‡ Û¯Ë-
 []

[14 <D:/git_repositories/PhD_dark_matter_latex/–û—Ç—á–µ—Ç –ø–æ –ù–ò–† (4 –≥–æ–¥
 –∞—Å–ø–∏—Ä–∞–Ω—Ç—É—Ä—ã, –æ—Ç—á–µ—Ç –∑–∞  –∑–∏–º–Ω–∏–π —Å–µ–º–µ—Å—Ç—Ä)/pictures
/fig_170622_x_ray_6mm_amp_vs_field.pdf>] [15 <D:/git_repositories/PhD_dark_matt
er_latex/–û—Ç—á–µ—Ç –ø–æ –ù–ò–† (4 –≥–æ–¥ –∞—Å–ø–∏—Ä–∞–Ω—Ç—É—Ä—ã, –æ—Ç—á–µ—Ç –∑
–∞  –∑–∏–º–Ω–∏–π —Å–µ–º–µ—Å—Ç—Ä)/pictures/fig_171123_xray_2mm_SiPM_matrix_amp_d
istr_48V.pdf>]
<pictures/fig_171123_ch38_ch41_Npe_xray_2mm_noMC.pdf, id=324, 565.11125pt x 415
.5525pt>
File: pictures/fig_171123_ch38_ch41_Npe_xray_2mm_noMC.pdf Graphic file (type pd
f)
 <use pictures/fig_171123_ch38_ch41_Npe_xray_2mm_noMC.pdf>
Package pdftex.def Info: pictures/fig_171123_ch38_ch41_Npe_xray_2mm_noMC.pdf us
ed on input line 166.
(pdftex.def)             Requested size: 264.61333pt x 194.58684pt.

<pictures/fig_171123_coorg_2Dgr_xray_2mm_noMC_18kV.pdf, id=326, 506.89375pt x 5
78.16pt>
File: pictures/fig_171123_coorg_2Dgr_xray_2mm_noMC_18kV.pdf Graphic file (type 
pdf)
 <use pictures/fig_171123_coorg_2Dgr_xray_2mm_noMC_18kV.pdf>
Package pdftex.def Info: pictures/fig_171123_coorg_2Dgr_xray_2mm_noMC_18kV.pdf 
used on input line 173.
(pdftex.def)             Requested size: 264.61333pt x 301.81825pt.

<pictures/fig_171123_Xcoorg_xray_2mm_noMC_18kV.pdf, id=329, 562.1pt x 454.69875
pt>
File: pictures/fig_171123_Xcoorg_xray_2mm_noMC_18kV.pdf Graphic file (type pdf)

 <use pictures/fig_171123_Xcoorg_xray_2mm_noMC_18kV.pdf>
Package pdftex.def Info: pictures/fig_171123_Xcoorg_xray_2mm_noMC_18kV.pdf used
 on input line 184.
(pdftex.def)             Requested size: 209.4861pt x 169.457pt.

<pictures/fig_171123_Ycoorg_xray_2mm_noMC_18kV.pdf, id=330, 562.1pt x 454.69875
pt>
File: pictures/fig_171123_Ycoorg_xray_2mm_noMC_18kV.pdf Graphic file (type pdf)

 <use pictures/fig_171123_Ycoorg_xray_2mm_noMC_18kV.pdf>
Package pdftex.def Info: pictures/fig_171123_Ycoorg_xray_2mm_noMC_18kV.pdf used
 on input line 187.
(pdftex.def)             Requested size: 209.4861pt x 169.457pt.

<pictures/fig_171123_coord_res_vs_Npe_xray_2mm_noMC.pdf, id=332, 563.10374pt x 
480.79625pt>
File: pictures/fig_171123_coord_res_vs_Npe_xray_2mm_noMC.pdf Graphic file (type
 pdf)
 <use pictures/fig_171123_coord_res_vs_Npe_xray_2mm_noMC.pdf>
Package pdftex.def Info: pictures/fig_171123_coord_res_vs_Npe_xray_2mm_noMC.pdf
 used on input line 197.
(pdftex.def)             Requested size: 264.61333pt x 225.93758pt.

[16 <D:/git_repositories/PhD_dark_matter_latex/–û—Ç—á–µ—Ç –ø–æ –ù–ò–† (4 –≥–æ–¥
 –∞—Å–ø–∏—Ä–∞–Ω—Ç—É—Ä—ã, –æ—Ç—á–µ—Ç –∑–∞  –∑–∏–º–Ω–∏–π —Å–µ–º–µ—Å—Ç—Ä)/pictures
/fig_171123_ch38_ch41_Npe_xray_2mm_noMC.pdf>]

Package hyperref Warning: Token not allowed in a PDF string (Unicode):
(hyperref)                removing `math shift' on input line 203.


Package hyperref Warning: Token not allowed in a PDF string (Unicode):
(hyperref)                removing `superscript' on input line 203.


Package hyperref Warning: Token not allowed in a PDF string (Unicode):
(hyperref)                removing `math shift' on input line 203.

[17 <D:/git_repositories/PhD_dark_matter_latex/–û—Ç—á–µ—Ç –ø–æ –ù–ò–† (4 –≥–æ–¥
 –∞—Å–ø–∏—Ä–∞–Ω—Ç—É—Ä—ã, –æ—Ç—á–µ—Ç –∑–∞  –∑–∏–º–Ω–∏–π —Å–µ–º–µ—Å—Ç—Ä)/pictures
/fig_171123_coorg_2Dgr_xray_2mm_noMC_18kV.pdf>] [18 <D:/git_repositories/PhD_da
rk_matter_latex/–û—Ç—á–µ—Ç –ø–æ –ù–ò–† (4 –≥–æ–¥ –∞—Å–ø–∏—Ä–∞–Ω—Ç—É—Ä—ã, –æ—Ç—á
–µ—Ç –∑–∞  –∑–∏–º–Ω–∏–π —Å–µ–º–µ—Å—Ç—Ä)/pictures/fig_171123_Xcoorg_xray_2mm_noM
C_18kV.pdf> <D:/git_repositories/PhD_dark_matter_latex/–û—Ç—á–µ—Ç –ø–æ –ù–ò–† (
4 –≥–æ–¥ –∞—Å–ø–∏—Ä–∞–Ω—Ç—É—Ä—ã, –æ—Ç—á–µ—Ç –∑–∞  –∑–∏–º–Ω–∏–π —Å–µ–º–µ—Å—Ç—Ä)/
pictures/fig_171123_Ycoorg_xray_2mm_noMC_18kV.pdf> <D:/git_repositories/PhD_dar
k_matter_latex/–û—Ç—á–µ—Ç –ø–æ –ù–ò–† (4 –≥–æ–¥ –∞—Å–ø–∏—Ä–∞–Ω—Ç—É—Ä—ã, –æ—Ç—á–
µ—Ç –∑–∞  –∑–∏–º–Ω–∏–π —Å–µ–º–µ—Å—Ç—Ä)/pictures/fig_171123_coord_res_vs_Npe_xra
y_2mm_noMC.pdf>]
<pictures/fig_171123_3PMT_Cd_and_Bkg_Npe_spec_2mm_20kV.pdf, id=420, 562.1pt x 4
63.7325pt>
File: pictures/fig_171123_3PMT_Cd_and_Bkg_Npe_spec_2mm_20kV.pdf Graphic file (t
ype pdf)
 <use pictures/fig_171123_3PMT_Cd_and_Bkg_Npe_spec_2mm_20kV.pdf>
Package pdftex.def Info: pictures/fig_171123_3PMT_Cd_and_Bkg_Npe_spec_2mm_20kV.
pdf used on input line 215.
(pdftex.def)             Requested size: 264.61333pt x 218.30101pt.

<pictures/fig_171123_SiPM_48V_Cd_Npe_spec_23_1keVcuts_2mm_20kV.pdf, id=423, 562
.1pt x 453.695pt>
File: pictures/fig_171123_SiPM_48V_Cd_Npe_spec_23_1keVcuts_2mm_20kV.pdf Graphic
 file (type pdf)

<use pictures/fig_171123_SiPM_48V_Cd_Npe_spec_23_1keVcuts_2mm_20kV.pdf>
Package pdftex.def Info: pictures/fig_171123_SiPM_48V_Cd_Npe_spec_23_1keVcuts_2
mm_20kV.pdf used on input line 223.
(pdftex.def)             Requested size: 209.4861pt x 169.08293pt.

<pictures/fig_171123_SiPM_48V_Cd_Npe_spec_83_7keVcuts_2mm_20kV.pdf, id=424, 562
.1pt x 449.68pt>
File: pictures/fig_171123_SiPM_48V_Cd_Npe_spec_83_7keVcuts_2mm_20kV.pdf Graphic
 file (type pdf)

<use pictures/fig_171123_SiPM_48V_Cd_Npe_spec_83_7keVcuts_2mm_20kV.pdf>
Package pdftex.def Info: pictures/fig_171123_SiPM_48V_Cd_Npe_spec_83_7keVcuts_2
mm_20kV.pdf used on input line 226.
(pdftex.def)             Requested size: 209.4861pt x 167.58662pt.

<pictures/fig_SiPM_matrix_yield_48V.pdf, id=429, 562.1pt x 475.7775pt>
File: pictures/fig_SiPM_matrix_yield_48V.pdf Graphic file (type pdf)

<use pictures/fig_SiPM_matrix_yield_48V.pdf>
Package pdftex.def Info: pictures/fig_SiPM_matrix_yield_48V.pdf used on input l
ine 232.
(pdftex.def)             Requested size: 264.61333pt x 223.97118pt.
 [19 <D:/git_repositories/PhD_dark_matter_latex/–û—Ç—á–µ—Ç –ø–æ –ù–ò–† (4 –≥–æ–
¥ –∞—Å–ø–∏—Ä–∞–Ω—Ç—É—Ä—ã, –æ—Ç—á–µ—Ç –∑–∞  –∑–∏–º–Ω–∏–π —Å–µ–º–µ—Å—Ç—Ä)/picture
s/fig_171123_3PMT_Cd_and_Bkg_Npe_spec_2mm_20kV.pdf>] [20 <D:/git_repositories/P
hD_dark_matter_latex/–û—Ç—á–µ—Ç –ø–æ –ù–ò–† (4 –≥–æ–¥ –∞—Å–ø–∏—Ä–∞–Ω—Ç—É—Ä—ã, –
æ—Ç—á–µ—Ç –∑–∞  –∑–∏–º–Ω–∏–π —Å–µ–º–µ—Å—Ç—Ä)/pictures/fig_171123_SiPM_48V_Cd_Np
e_spec_23_1keVcuts_2mm_20kV.pdf> <D:/git_repositories/PhD_dark_matter_latex/–û—
Ç—á–µ—Ç –ø–æ –ù–ò–† (4 –≥–æ–¥ –∞—Å–ø–∏—Ä–∞–Ω—Ç—É—Ä—ã, –æ—Ç—á–µ—Ç –∑–∞  –∑–∏–º–Ω
–∏–π —Å–µ–º–µ—Å—Ç—Ä)/pictures/fig_171123_SiPM_48V_Cd_Npe_spec_83_7keVcuts_2mm_2
0kV.pdf>] [21 <D:/git_repositories/PhD_dark_matter_latex/–û—Ç—á–µ—Ç –ø–æ –ù–ò–†
 (4 –≥–æ–¥ –∞—Å–ø–∏—Ä–∞–Ω—Ç—É—Ä—ã, –æ—Ç—á–µ—Ç –∑–∞  –∑–∏–º–Ω–∏–π —Å–µ–º–µ—Å—Ç—Ä
)/pictures/fig_SiPM_matrix_yield_48V.pdf>]) [22]
("D:\git_repositories\PhD_dark_matter_latex\–û—Ç—á–µ—Ç –ø–æ –ù–ò–† (4 –≥–æ–¥ –∞
—Å–ø–∏—Ä–∞–Ω—Ç—É—Ä—ã, –æ—Ç—á–µ—Ç –∑–∞  –∑–∏–º–Ω–∏–π —Å–µ–º–µ—Å—Ç—Ä)\conclusions
.tex") [23



]
("D:\git_repositories\PhD_dark_matter_latex\–û—Ç—á–µ—Ç –ø–æ –ù–ò–† (4 –≥–æ–¥ –∞
—Å–ø–∏—Ä–∞–Ω—Ç—É—Ä—ã, –æ—Ç—á–µ—Ç –∑–∞  –∑–∏–º–Ω–∏–π —Å–µ–º–µ—Å—Ç—Ä)\bibliograph
y.tex"
Underfull \hbox (badness 5504) in paragraph at lines 8--9
[]\T2A/cmr/m/n/12 Buzulutskov A. Advances in Cryogenic Avalanche Detectors // J
. of
 []

[24



] [25]
Underfull \hbox (badness 10000) in paragraph at lines 104--105
[]\T2A/cmr/m/n/12 Bondar A. et al. Two-phase Cryogenic Avalanche Detector with
 []


Underfull \hbox (badness 1603) in paragraph at lines 104--105
\T2A/cmr/m/n/12 electroluminescence gap operated in argon doped with nitrogen /
/ [][]Nucl.
 []

[26]) [27]
("D:\git_repositories\PhD_dark_matter_latex\–û—Ç—á–µ—Ç –ø–æ –ù–ò–† (4 –≥–æ–¥ –∞
—Å–ø–∏—Ä–∞–Ω—Ç—É—Ä—ã, –æ—Ç—á–µ—Ç –∑–∞  –∑–∏–º–Ω–∏–π —Å–µ–º–µ—Å—Ç—Ä)\appendix1.t
ex"
Overfull \hbox (17.42845pt too wide) in paragraph at lines 15--17
[]\T2A/cmr/m/n/12 Oleynikov V. and Porosev V. After-pulsing and cross-talk comp
arison for PM1125NS-
 []


Overfull \hbox (36.1396pt too wide) in paragraph at lines 15--17
\T2A/cmr/m/n/12 SB0 (KETEK), S10362-11-100C (HAMAMATSU) and S13360-3050CS (HAMA
MATSU)
 []

[28



]) [29]
("D:\git_repositories\PhD_dark_matter_latex\–û—Ç—á–µ—Ç –ø–æ –ù–ò–† (4 –≥–æ–¥ –∞
—Å–ø–∏—Ä–∞–Ω—Ç—É—Ä—ã, –æ—Ç—á–µ—Ç –∑–∞  –∑–∏–º–Ω–∏–π —Å–µ–º–µ—Å—Ç—Ä)\appendix2.t
ex") [30



]
Package atveryend Info: Empty hook `BeforeClearDocument' on input line 102.
Package atveryend Info: Empty hook `AfterLastShipout' on input line 102.

("D:\git_repositories\PhD_dark_matter_latex\–û—Ç—á–µ—Ç –ø–æ –ù–ò–† (4 –≥–æ–¥ –∞
—Å–ø–∏—Ä–∞–Ω—Ç—É—Ä—ã, –æ—Ç—á–µ—Ç –∑–∞  –∑–∏–º–Ω–∏–π —Å–µ–º–µ—Å—Ç—Ä)\main.aux"
("D:\git_repositories\PhD_dark_matter_latex\–û—Ç—á–µ—Ç –ø–æ –ù–ò–† (4 –≥–æ–¥ –∞
—Å–ø–∏—Ä–∞–Ω—Ç—É—Ä—ã, –æ—Ç—á–µ—Ç –∑–∞  –∑–∏–º–Ω–∏–π —Å–µ–º–µ—Å—Ç—Ä)\first_page_
var2.aux")
("D:\git_repositories\PhD_dark_matter_latex\–û—Ç—á–µ—Ç –ø–æ –ù–ò–† (4 –≥–æ–¥ –∞
—Å–ø–∏—Ä–∞–Ω—Ç—É—Ä—ã, –æ—Ç—á–µ—Ç –∑–∞  –∑–∏–º–Ω–∏–π —Å–µ–º–µ—Å—Ç—Ä)\abstract.au
x")
("D:\git_repositories\PhD_dark_matter_latex\–û—Ç—á–µ—Ç –ø–æ –ù–ò–† (4 –≥–æ–¥ –∞
—Å–ø–∏—Ä–∞–Ω—Ç—É—Ä—ã, –æ—Ç—á–µ—Ç –∑–∞  –∑–∏–º–Ω–∏–π —Å–µ–º–µ—Å—Ç—Ä)\introdactio
n.aux")
("D:\git_repositories\PhD_dark_matter_latex\–û—Ç—á–µ—Ç –ø–æ –ù–ò–† (4 –≥–æ–¥ –∞
—Å–ø–∏—Ä–∞–Ω—Ç—É—Ä—ã, –æ—Ç—á–µ—Ç –∑–∞  –∑–∏–º–Ω–∏–π —Å–µ–º–µ—Å—Ç—Ä)\content_rus
_Sep2017-Jan2018.aux")
("D:\git_repositories\PhD_dark_matter_latex\–û—Ç—á–µ—Ç –ø–æ –ù–ò–† (4 –≥–æ–¥ –∞
—Å–ø–∏—Ä–∞–Ω—Ç—É—Ä—ã, –æ—Ç—á–µ—Ç –∑–∞  –∑–∏–º–Ω–∏–π —Å–µ–º–µ—Å—Ç—Ä)\conclusions
.aux")
("D:\git_repositories\PhD_dark_matter_latex\–û—Ç—á–µ—Ç –ø–æ –ù–ò–† (4 –≥–æ–¥ –∞
—Å–ø–∏—Ä–∞–Ω—Ç—É—Ä—ã, –æ—Ç—á–µ—Ç –∑–∞  –∑–∏–º–Ω–∏–π —Å–µ–º–µ—Å—Ç—Ä)\bibliograph
y.aux")
("D:\git_repositories\PhD_dark_matter_latex\–û—Ç—á–µ—Ç –ø–æ –ù–ò–† (4 –≥–æ–¥ –∞
—Å–ø–∏—Ä–∞–Ω—Ç—É—Ä—ã, –æ—Ç—á–µ—Ç –∑–∞  –∑–∏–º–Ω–∏–π —Å–µ–º–µ—Å—Ç—Ä)\appendix1.a
ux")
("D:\git_repositories\PhD_dark_matter_latex\–û—Ç—á–µ—Ç –ø–æ –ù–ò–† (4 –≥–æ–¥ –∞
—Å–ø–∏—Ä–∞–Ω—Ç—É—Ä—ã, –æ—Ç—á–µ—Ç –∑–∞  –∑–∏–º–Ω–∏–π —Å–µ–º–µ—Å—Ç—Ä)\appendix2.a
ux"))
Package atveryend Info: Executing hook `AtVeryEndDocument' on input line 102.
Package atveryend Info: Executing hook `AtEndAfterFileList' on input line 102.
Package rerunfilecheck Info: File `main.out' has not changed.
(rerunfilecheck)             Checksum: 0C9CDC58B4CD8C26106D702A1E386C9F;9118.
Package atveryend Info: Empty hook `AtVeryVeryEnd' on input line 102.
 ) 
Here is how much of TeX's memory you used:
 12932 strings out of 493921
 194041 string characters out of 3150556
 261811 words of memory out of 3000000
 15743 multiletter control sequences out of 15000+200000
 21638 words of font info for 71 fonts, out of 3000000 for 9000
 841 hyphenation exceptions out of 8191
 42i,15n,50p,2501b,621s stack positions out of 5000i,500n,10000p,200000b,50000s
{D:/LaTex/Full_TeX/texmf/fonts/enc/dvips/cm-super/cm-super-t2a.enc}<D:/LaTex/
Full_TeX/texmf/fonts/type1/public/amsfonts/cm/cmex10.pfb><D:/LaTex/Full_TeX/tex
mf/fonts/type1/public/amsfonts/cm/cmmi12.pfb><D:/LaTex/Full_TeX/texmf/fonts/typ
e1/public/amsfonts/cm/cmmi6.pfb><D:/LaTex/Full_TeX/texmf/fonts/type1/public/ams
fonts/cm/cmmi8.pfb><D:/LaTex/Full_TeX/texmf/fonts/type1/public/amsfonts/cm/cmr1
0.pfb><D:/LaTex/Full_TeX/texmf/fonts/type1/public/amsfonts/cm/cmr12.pfb><D:/LaT
ex/Full_TeX/texmf/fonts/type1/public/amsfonts/cm/cmr8.pfb><D:/LaTex/Full_TeX/te
xmf/fonts/type1/public/amsfonts/cm/cmsy10.pfb><D:/LaTex/Full_TeX/texmf/fonts/ty
pe1/public/amsfonts/euler/eusm10.pfb><D:/LaTex/Full_TeX/texmf/fonts/type1/publi
c/cm-super/sfbx1200.pfb><D:/LaTex/Full_TeX/texmf/fonts/type1/public/cm-super/sf
bx1440.pfb><D:/LaTex/Full_TeX/texmf/fonts/type1/public/cm-super/sfbx1728.pfb><D
:/LaTex/Full_TeX/texmf/fonts/type1/public/cm-super/sfbx2488.pfb><D:/LaTex/Full_
TeX/texmf/fonts/type1/public/cm-super/sfrm1000.pfb><D:/LaTex/Full_TeX/texmf/fon
ts/type1/public/cm-super/sfrm1200.pfb>
Output written on main.pdf (30 pages, 1347669 bytes).
PDF statistics:
 711 PDF objects out of 1000 (max. 8388607)
 150 named destinations out of 1000 (max. 500000)
 299 words of extra memory for PDF output out of 10000 (max. 10000000)

