This is pdfTeX, Version 3.1415926-2.5-1.40.14 (MiKTeX 2.9) (preloaded format=pdflatex 2013.12.8)  26 APR 2016 16:13
entering extended mode
**D:/git_repositories/PhD_dark_matter_latex/dissertation/main.tex
(D:/git_repositories/PhD_dark_matter_latex/dissertation/main.tex
LaTeX2e <2011/06/27>
Babel <v3.8m> and hyphenation patterns for english, afrikaans, ancientgreek, ar
abic, armenian, assamese, basque, bengali, bokmal, bulgarian, catalan, coptic, 
croatian, czech, danish, dutch, esperanto, estonian, farsi, finnish, french, ga
lician, german, german-x-2013-05-26, greek, gujarati, hindi, hungarian, iceland
ic, indonesian, interlingua, irish, italian, kannada, kurmanji, latin, latvian,
 lithuanian, malayalam, marathi, mongolian, mongolianlmc, monogreek, ngerman, n
german-x-2013-05-26, nynorsk, oriya, panjabi, pinyin, polish, portuguese, roman
ian, russian, sanskrit, serbian, slovak, slovenian, spanish, swedish, swissgerm
an, tamil, telugu, turkish, turkmen, ukenglish, ukrainian, uppersorbian, usengl
ishmax, welsh, loaded.
(D:\LaTex\Full_TeX\texmf\tex\latex\base\article.cls
Document Class: article 2007/10/19 v1.4h Standard LaTeX document class
(D:\LaTex\Full_TeX\texmf\tex\latex\base\size12.clo
File: size12.clo 2007/10/19 v1.4h Standard LaTeX file (size option)
)
\c@part=\count79
\c@section=\count80
\c@subsection=\count81
\c@subsubsection=\count82
\c@paragraph=\count83
\c@subparagraph=\count84
\c@figure=\count85
\c@table=\count86
\abovecaptionskip=\skip41
\belowcaptionskip=\skip42
\bibindent=\dimen102
)
(D:\LaTex\Full_TeX\texmf\tex\latex\russ\russ.sty
Package: russ 2012/01/26 Russian language

(D:\LaTex\Full_TeX\texmf\tex\latex\base\inputenc.sty
Package: inputenc 2008/03/30 v1.1d Input encoding file
\inpenc@prehook=\toks14
\inpenc@posthook=\toks15

(D:\LaTex\Full_TeX\texmf\tex\latex\cyrillic\cp1251.def
File: cp1251.def 1999/11/16 v1.0d Input encoding file
))
(D:\LaTex\Full_TeX\texmf\tex\latex\tools\xspace.sty
Package: xspace 2009/10/20 v1.13 Space after command names (DPC,MH)
)
(D:\LaTex\Full_TeX\texmf\tex\latex\cyrillic\t2aenc.def
File: t2aenc.def 2005/09/27 v1.0i Cyrillic encoding definition file
)
LaTeX Font Info:    Try loading font information for T2A+cmr on input line 43.

(D:\LaTex\Full_TeX\texmf\tex\latex\cyrillic\t2acmr.fd
File: t2acmr.fd 2001/08/11 v1.0a Computer Modern Cyrillic font definitions
)
\symrletters=\mathgroup4
LaTeX Font Info:    Overwriting symbol font `rletters' in version `bold'
(Font)                  T2A/cmr/m/it --> T2A/cmr/b/it on input line 99.
LaTeX Font Info:    Overwriting math alphabet `\mathrm' in version `normal'
(Font)                  OT1/cmr/m/n --> T2A/cmr/m/n on input line 173.
LaTeX Font Info:    Overwriting math alphabet `\mathrm' in version `bold'
(Font)                  OT1/cmr/bx/n --> T2A/cmr/b/n on input line 174.
LaTeX Font Info:    Overwriting math alphabet `\mathit' in version `normal'
(Font)                  OT1/cmr/m/it --> T2A/cmr/m/it on input line 175.
LaTeX Font Info:    Overwriting math alphabet `\mathit' in version `bold'
(Font)                  OT1/cmr/bx/it --> T2A/cmr/b/it on input line 176.
LaTeX Font Info:    Overwriting math alphabet `\mathbf' in version `normal'
(Font)                  OT1/cmr/bx/n --> T2A/cmr/b/n on input line 177.
LaTeX Font Info:    Overwriting math alphabet `\mathbf' in version `bold'
(Font)                  OT1/cmr/bx/n --> T2A/cmr/b/n on input line 178.


 Correcting math definitions,
\symAMSa=\mathgroup5
\symAMSb=\mathgroup6
 heading names, counters, lists,
\c@rlistctr=\count87
 headings,
captions, theorems, running heads, appendix, \cleardoublepage, quotes,
... finished.
LaTeX Info: Redefining \÷ on input line 687.
) (D:\LaTex\Full_TeX\texmf\tex\latex\cmap\cmap.sty
Package: cmap 2008/03/06 v1.0h CMap support: searchable PDF
)
(D:\LaTex\Full_TeX\texmf\tex\latex\cite\cite.sty
LaTeX Info: Redefining \cite on input line 302.
LaTeX Info: Redefining \nocite on input line 332.
Package: cite 2015/02/27  v 5.5
)
(D:\LaTex\Full_TeX\texmf\tex\latex\base\fontenc.sty
Package: fontenc 2005/09/27 v1.99g Standard LaTeX package

(D:\LaTex\Full_TeX\texmf\tex\latex\cyrillic\t2aenc.def
File: t2aenc.def 2005/09/27 v1.0i Cyrillic encoding definition file
LaTeX Font Info:    Redeclaring font encoding T2A on input line 38.
))
(D:\LaTex\Full_TeX\texmf\tex\generic\babel\babel.sty
Package: babel 2008/07/08 v3.8m The Babel package

*************************************
* Local config file bblopts.cfg used
*
(D:\LaTex\Full_TeX\texmf\tex\latex\00miktex\bblopts.cfg
File: bblopts.cfg 2006/07/31 v1.0 MiKTeX 'babel' configuration
)
(D:\LaTex\Full_TeX\texmf\tex\generic\babel\english.ldf
Language: english 2005/03/30 v3.3o English support from the babel system

(D:\LaTex\Full_TeX\texmf\tex\generic\babel\babel.def
File: babel.def 2008/07/08 v3.8m Babel common definitions
\babel@savecnt=\count88
\U@D=\dimen103
)
\l@canadian = a dialect from \language\l@american 
\l@australian = a dialect from \language\l@british 
\l@newzealand = a dialect from \language\l@british 
)
(D:\LaTex\Full_TeX\texmf\tex\generic\babel\germanb.ldf
Language: germanb 2008/06/01 v2.6m German support from the babel system
\l@austrian = a dialect from \language\l@german 
Package babel Info: Making " an active character on input line 102.
)
(D:\LaTex\Full_TeX\texmf\tex\generic\babel\russianb.ldf
Language: russianb 2008/03/21 v1.1r Russian support from the babel system
LaTeX Info: Redefining \No on input line 305.
))
(D:\LaTex\Full_TeX\texmf\tex\latex\tools\calc.sty
Package: calc 2007/08/22 v4.3 Infix arithmetic (KKT,FJ)
\calc@Acount=\count89
\calc@Bcount=\count90
\calc@Adimen=\dimen104
\calc@Bdimen=\dimen105
\calc@Askip=\skip43
\calc@Bskip=\skip44
LaTeX Info: Redefining \setlength on input line 76.
LaTeX Info: Redefining \addtolength on input line 77.
\calc@Ccount=\count91
\calc@Cskip=\skip45
)
(D:\LaTex\Full_TeX\texmf\tex\latex\graphics\graphicx.sty
Package: graphicx 1999/02/16 v1.0f Enhanced LaTeX Graphics (DPC,SPQR)

(D:\LaTex\Full_TeX\texmf\tex\latex\graphics\keyval.sty
Package: keyval 1999/03/16 v1.13 key=value parser (DPC)
\KV@toks@=\toks16
)
(D:\LaTex\Full_TeX\texmf\tex\latex\graphics\graphics.sty
Package: graphics 2009/02/05 v1.0o Standard LaTeX Graphics (DPC,SPQR)

(D:\LaTex\Full_TeX\texmf\tex\latex\graphics\trig.sty
Package: trig 1999/03/16 v1.09 sin cos tan (DPC)
)
(D:\LaTex\Full_TeX\texmf\tex\latex\00miktex\graphics.cfg
File: graphics.cfg 2007/01/18 v1.5 graphics configuration of teTeX/TeXLive
)
Package graphics Info: Driver file: pdftex.def on input line 91.

(D:\LaTex\Full_TeX\texmf\tex\latex\pdftex-def\pdftex.def
File: pdftex.def 2011/05/27 v0.06d Graphics/color for pdfTeX

(D:\LaTex\Full_TeX\texmf\tex\generic\oberdiek\infwarerr.sty
Package: infwarerr 2010/04/08 v1.3 Providing info/warning/error messages (HO)
)
(D:\LaTex\Full_TeX\texmf\tex\generic\oberdiek\ltxcmds.sty
Package: ltxcmds 2011/11/09 v1.22 LaTeX kernel commands for general use (HO)
)
\Gread@gobject=\count92
))
\Gin@req@height=\dimen106
\Gin@req@width=\dimen107
)
(D:\LaTex\Full_TeX\texmf\tex\latex\oberdiek\epstopdf.sty
Package: epstopdf 2010/02/09 v2.5 Conversion with epstopdf on the fly (HO)

(D:\LaTex\Full_TeX\texmf\tex\latex\oberdiek\epstopdf-base.sty
Package: epstopdf-base 2010/02/09 v2.5 Base part for package epstopdf

(D:\LaTex\Full_TeX\texmf\tex\latex\oberdiek\grfext.sty
Package: grfext 2010/08/19 v1.1 Manage graphics extensions (HO)

(D:\LaTex\Full_TeX\texmf\tex\generic\oberdiek\kvdefinekeys.sty
Package: kvdefinekeys 2011/04/07 v1.3 Define keys (HO)
))
(D:\LaTex\Full_TeX\texmf\tex\latex\oberdiek\kvoptions.sty
Package: kvoptions 2011/06/30 v3.11 Key value format for package options (HO)

(D:\LaTex\Full_TeX\texmf\tex\generic\oberdiek\kvsetkeys.sty
Package: kvsetkeys 2012/04/25 v1.16 Key value parser (HO)

(D:\LaTex\Full_TeX\texmf\tex\generic\oberdiek\etexcmds.sty
Package: etexcmds 2011/02/16 v1.5 Avoid name clashes with e-TeX commands (HO)

(D:\LaTex\Full_TeX\texmf\tex\generic\oberdiek\ifluatex.sty
Package: ifluatex 2010/03/01 v1.3 Provides the ifluatex switch (HO)
Package ifluatex Info: LuaTeX not detected.
)
Package etexcmds Info: Could not find \expanded.
(etexcmds)             That can mean that you are not using pdfTeX 1.50 or
(etexcmds)             that some package has redefined \expanded.
(etexcmds)             In the latter case, load this package earlier.
)))
(D:\LaTex\Full_TeX\texmf\tex\generic\oberdiek\pdftexcmds.sty
Package: pdftexcmds 2011/11/29 v0.20 Utility functions of pdfTeX for LuaTeX (HO
)

(D:\LaTex\Full_TeX\texmf\tex\generic\oberdiek\ifpdf.sty
Package: ifpdf 2011/01/30 v2.3 Provides the ifpdf switch (HO)
Package ifpdf Info: pdfTeX in PDF mode is detected.
)
Package pdftexcmds Info: LuaTeX not detected.
Package pdftexcmds Info: \pdf@primitive is available.
Package pdftexcmds Info: \pdf@ifprimitive is available.
Package pdftexcmds Info: \pdfdraftmode found.
)
Package grfext Info: Graphics extension search list:
(grfext)             [.png,.pdf,.jpg,.mps,.jpeg,.jbig2,.jb2,.PNG,.PDF,.JPG,.JPE
G,.JBIG2,.JB2,.eps]
(grfext)             \AppendGraphicsExtensions on input line 452.
))
(D:\LaTex\Full_TeX\texmf\tex\latex\base\latexsym.sty
Package: latexsym 1998/08/17 v2.2e Standard LaTeX package (lasy symbols)
\symlasy=\mathgroup7
LaTeX Font Info:    Overwriting symbol font `lasy' in version `bold'
(Font)                  U/lasy/m/n --> U/lasy/b/n on input line 47.
)
(D:\LaTex\Full_TeX\texmf\tex\latex\amsfonts\amsfonts.sty
Package: amsfonts 2013/01/14 v3.01 Basic AMSFonts support
\@emptytoks=\toks17
LaTeX Font Info:    Redeclaring symbol font `AMSa' on input line 59.
LaTeX Font Info:    Overwriting symbol font `AMSa' in version `normal'
(Font)                  U/msa/m/n --> U/msa/m/n on input line 59.
LaTeX Font Info:    Overwriting symbol font `AMSa' in version `bold'
(Font)                  U/msa/m/n --> U/msa/m/n on input line 59.
LaTeX Font Info:    Redeclaring symbol font `AMSb' on input line 60.
LaTeX Font Info:    Overwriting symbol font `AMSb' in version `normal'
(Font)                  U/msb/m/n --> U/msb/m/n on input line 60.
LaTeX Font Info:    Overwriting symbol font `AMSb' in version `bold'
(Font)                  U/msb/m/n --> U/msb/m/n on input line 60.
LaTeX Font Info:    Overwriting math alphabet `\mathfrak' in version `bold'
(Font)                  U/euf/m/n --> U/euf/b/n on input line 106.
)
(D:\LaTex\Full_TeX\texmf\tex\latex\amsfonts\amssymb.sty
Package: amssymb 2013/01/14 v3.01 AMS font symbols
LaTeX Font Info:    Redeclaring math symbol \leqslant on input line 101.
LaTeX Font Info:    Redeclaring math symbol \geqslant on input line 108.
LaTeX Font Info:    Redeclaring math symbol \varkappa on input line 260.
)
(D:\LaTex\Full_TeX\texmf\tex\latex\amsmath\amsmath.sty
Package: amsmath 2013/01/14 v2.14 AMS math features
\@mathmargin=\skip46

For additional information on amsmath, use the `?' option.
(D:\LaTex\Full_TeX\texmf\tex\latex\amsmath\amstext.sty
Package: amstext 2000/06/29 v2.01

(D:\LaTex\Full_TeX\texmf\tex\latex\amsmath\amsgen.sty
File: amsgen.sty 1999/11/30 v2.0
\@emptytoks=\toks18
\ex@=\dimen108
))
(D:\LaTex\Full_TeX\texmf\tex\latex\amsmath\amsbsy.sty
Package: amsbsy 1999/11/29 v1.2d
\pmbraise@=\dimen109
)
(D:\LaTex\Full_TeX\texmf\tex\latex\amsmath\amsopn.sty
Package: amsopn 1999/12/14 v2.01 operator names
)
\inf@bad=\count93
LaTeX Info: Redefining \frac on input line 210.
\uproot@=\count94
\leftroot@=\count95
LaTeX Info: Redefining \overline on input line 306.
\classnum@=\count96
\DOTSCASE@=\count97
LaTeX Info: Redefining \ldots on input line 378.
LaTeX Info: Redefining \dots on input line 381.
LaTeX Info: Redefining \cdots on input line 466.
\Mathstrutbox@=\box26
\strutbox@=\box27
\big@size=\dimen110
LaTeX Font Info:    Redeclaring font encoding OML on input line 566.
LaTeX Font Info:    Redeclaring font encoding OMS on input line 567.
\macc@depth=\count98
\c@MaxMatrixCols=\count99
\dotsspace@=\muskip10
\c@parentequation=\count100
\dspbrk@lvl=\count101
\tag@help=\toks19
\row@=\count102
\column@=\count103
\maxfields@=\count104
\andhelp@=\toks20
\eqnshift@=\dimen111
\alignsep@=\dimen112
\tagshift@=\dimen113
\tagwidth@=\dimen114
\totwidth@=\dimen115
\lineht@=\dimen116
\@envbody=\toks21
\multlinegap=\skip47
\multlinetaggap=\skip48
\mathdisplay@stack=\toks22
LaTeX Info: Redefining \[ on input line 2665.
LaTeX Info: Redefining \] on input line 2666.
)
(D:\LaTex\Full_TeX\texmf\tex\latex\amsfonts\eucal.sty
Package: eucal 2009/06/22 v3.00 Euler Script fonts
LaTeX Font Info:    Overwriting math alphabet `\EuScript' in version `bold'
(Font)                  U/eus/m/n --> U/eus/b/n on input line 33.
)
(D:\LaTex\Full_TeX\texmf\tex\latex\base\exscale.sty
Package: exscale 2007/10/29 v2.1h Standard LaTeX package exscale
LaTeX Font Info:    Redeclaring symbol font `largesymbols' on input line 52.
LaTeX Font Info:    Overwriting symbol font `largesymbols' in version `normal'
(Font)                  OMX/cmex/m/n --> OMX/cmex/m/n on input line 52.
LaTeX Font Info:    Overwriting symbol font `largesymbols' in version `bold'
(Font)                  OMX/cmex/m/n --> OMX/cmex/m/n on input line 52.
\big@size=\dimen117
)
(D:\LaTex\Full_TeX\texmf\tex\latex\tools\indentfirst.sty
Package: indentfirst 1995/11/23 v1.03 Indent first paragraph (DPC)
)
(D:\LaTex\Full_TeX\texmf\tex\latex\tools\verbatim.sty
Package: verbatim 2003/08/22 v1.5q LaTeX2e package for verbatim enhancements
\every@verbatim=\toks23
\verbatim@line=\toks24
\verbatim@in@stream=\read1
)
(D:\LaTex\Full_TeX\texmf\tex\latex\tools\layout.sty
Package: layout 2000/09/25 v1.2c Show layout parameters
\oneinch=\count105
\cnt@paperwidth=\count106
\cnt@paperheight=\count107
\cnt@hoffset=\count108
\cnt@voffset=\count109
\cnt@textheight=\count110
\cnt@textwidth=\count111
\cnt@topmargin=\count112
\cnt@oddsidemargin=\count113
\cnt@evensidemargin=\count114
\cnt@headheight=\count115
\cnt@headsep=\count116
\cnt@marginparsep=\count117
\cnt@marginparwidth=\count118
\cnt@marginparpush=\count119
\cnt@footskip=\count120
\fheight=\count121
\ref@top=\count122
\ref@hoffset=\count123
\ref@voffset=\count124
\ref@head=\count125
\ref@body=\count126
\ref@foot=\count127
\ref@margin=\count128
\ref@marginwidth=\count129
\ref@marginpar=\count130
\Interval=\count131
\ExtraYPos=\count132
\PositionX=\count133
\PositionY=\count134
\ArrowLength=\count135
)
(D:\LaTex\Full_TeX\texmf\tex\latex\miller\miller.sty
Package: miller 2004/09/20 v1.2 print miller indices
)
(D:\LaTex\Full_TeX\texmf\tex\latex\natbib\natbib.sty
Package: natbib 2010/09/13 8.31b (PWD, AO)


Package natbib Warning: The `cite' package should not be used
(natbib)                with natbib. Use option `sort' instead.

\bibhang=\skip49
\bibsep=\skip50
LaTeX Info: Redefining \cite on input line 694.
LaTeX Info: Redefining \citenum on input line 708.
\c@NAT@ctr=\count136
) (D:\LaTex\Full_TeX\texmf\tex\latex\url\url.sty
\Urlmuskip=\muskip11
Package: url 2006/04/12  ver 3.3  Verb mode for urls, etc.
)
(D:\LaTex\Full_TeX\texmf\tex\latex\tools\multicol.sty
Package: multicol 2011/06/27 v1.7a multicolumn formatting (FMi)
\c@tracingmulticols=\count137
\mult@box=\box28
\multicol@leftmargin=\dimen118
\c@unbalance=\count138
\c@collectmore=\count139
\doublecol@number=\count140
\multicoltolerance=\count141
\multicolpretolerance=\count142
\full@width=\dimen119
\page@free=\dimen120
\premulticols=\dimen121
\postmulticols=\dimen122
\multicolsep=\skip51
\multicolbaselineskip=\skip52
\partial@page=\box29
\last@line=\box30
\mult@rightbox=\box31
\mult@grightbox=\box32
\mult@gfirstbox=\box33
\mult@firstbox=\box34
\@tempa=\box35
\@tempa=\box36
\@tempa=\box37
\@tempa=\box38
\@tempa=\box39
\@tempa=\box40
\@tempa=\box41
\@tempa=\box42
\@tempa=\box43
\@tempa=\box44
\@tempa=\box45
\@tempa=\box46
\@tempa=\box47
\@tempa=\box48
\@tempa=\box49
\@tempa=\box50
\@tempa=\box51
\c@columnbadness=\count143
\c@finalcolumnbadness=\count144
\last@try=\dimen123
\multicolovershoot=\dimen124
\multicolundershoot=\dimen125
\mult@nat@firstbox=\box52
\colbreak@box=\box53
\multicol@sort@counter=\count145
)
(D:\LaTex\Full_TeX\texmf\tex\latex\rotating\rotating.sty
Package: rotating 2009/03/28 v2.16a rotated objects in LaTeX

(D:\LaTex\Full_TeX\texmf\tex\latex\base\ifthen.sty
Package: ifthen 2001/05/26 v1.1c Standard LaTeX ifthen package (DPC)
)
\c@r@tfl@t=\count146
\rotFPtop=\skip53
\rotFPbot=\skip54
\rot@float@box=\box54
\rot@mess@toks=\toks25
)
(D:\LaTex\Full_TeX\texmf\tex\latex\graphics\lscape.sty
Package: lscape 2000/10/22 v3.01 Landscape Pages (DPC)
)
(D:\LaTex\Full_TeX\texmf\tex\latex\multirow\multirow.sty
\bigstrutjot=\dimen126
)
(D:\LaTex\Full_TeX\texmf\tex\latex\geometry\geometry.sty
Package: geometry 2010/09/12 v5.6 Page Geometry

(D:\LaTex\Full_TeX\texmf\tex\generic\oberdiek\ifvtex.sty
Package: ifvtex 2010/03/01 v1.5 Detect VTeX and its facilities (HO)
Package ifvtex Info: VTeX not detected.
)
(D:\LaTex\Full_TeX\texmf\tex\generic\ifxetex\ifxetex.sty
Package: ifxetex 2010/09/12 v0.6 Provides ifxetex conditional
)
\Gm@cnth=\count147
\Gm@cntv=\count148
\c@Gm@tempcnt=\count149
\Gm@bindingoffset=\dimen127
\Gm@wd@mp=\dimen128
\Gm@odd@mp=\dimen129
\Gm@even@mp=\dimen130
\Gm@layoutwidth=\dimen131
\Gm@layoutheight=\dimen132
\Gm@layouthoffset=\dimen133
\Gm@layoutvoffset=\dimen134
\Gm@dimlist=\toks26

(D:\LaTex\Full_TeX\texmf\tex\latex\geometry\geometry.cfg))
(D:\git_repositories\PhD_dark_matter_latex\dissertation\main.aux
(D:\git_repositories\PhD_dark_matter_latex\dissertation\first_page.aux)
(D:\git_repositories\PhD_dark_matter_latex\dissertation\content_rus.aux)
(D:\git_repositories\PhD_dark_matter_latex\dissertation\bibliography.aux))
LaTeX Font Info:    Checking defaults for OML/cmm/m/it on input line 41.
LaTeX Font Info:    ... okay on input line 41.
LaTeX Font Info:    Checking defaults for T1/cmr/m/n on input line 41.
LaTeX Font Info:    ... okay on input line 41.
LaTeX Font Info:    Checking defaults for OT1/cmr/m/n on input line 41.
LaTeX Font Info:    ... okay on input line 41.
LaTeX Font Info:    Checking defaults for OMS/cmsy/m/n on input line 41.
LaTeX Font Info:    ... okay on input line 41.
LaTeX Font Info:    Checking defaults for OMX/cmex/m/n on input line 41.
LaTeX Font Info:    ... okay on input line 41.
LaTeX Font Info:    Checking defaults for U/cmr/m/n on input line 41.
LaTeX Font Info:    ... okay on input line 41.
LaTeX Font Info:    Checking defaults for T2A/cmr/m/n on input line 41.
LaTeX Font Info:    ... okay on input line 41.

(D:\LaTex\Full_TeX\texmf\tex\context\base\supp-pdf.mkii
[Loading MPS to PDF converter (version 2006.09.02).]
\scratchcounter=\count150
\scratchdimen=\dimen135
\scratchbox=\box55
\nofMPsegments=\count151
\nofMParguments=\count152
\everyMPshowfont=\toks27
\MPscratchCnt=\count153
\MPscratchDim=\dimen136
\MPnumerator=\count154
\makeMPintoPDFobject=\count155
\everyMPtoPDFconversion=\toks28
)
*geometry* driver: auto-detecting
*geometry* detected driver: pdftex
*geometry* verbose mode - [ preamble ] result:
* driver: pdftex
* paper: a4paper
* layout: <same size as paper>
* layoutoffset:(h,v)=(0.0pt,0.0pt)
* modes: includehead 
* h-part:(L,W,R)=(85.35826pt, 441.01773pt, 71.13188pt)
* v-part:(T,H,B)=(56.9055pt, 731.23584pt, 56.9055pt)
* \paperwidth=597.50787pt
* \paperheight=845.04684pt
* \textwidth=441.01773pt
* \textheight=697.89629pt
* \oddsidemargin=13.08827pt
* \evensidemargin=13.08827pt
* \topmargin=-15.36449pt
* \headheight=12.0pt
* \headsep=21.33955pt
* \topskip=12.0pt
* \footskip=28.45274pt
* \marginparwidth=49.79231pt
* \marginparsep=10.0pt
* \columnsep=10.0pt
* \skip\footins=10.8pt plus 4.0pt minus 2.0pt
* \hoffset=0.0pt
* \voffset=0.0pt
* \mag=1000
* \@twocolumnfalse
* \@twosidefalse
* \@mparswitchfalse
* \@reversemarginfalse
* (1in=72.27pt=25.4mm, 1cm=28.453pt)

(D:\git_repositories\PhD_dark_matter_latex\dissertation\first_page.tex<<t2a.cma
p>><<ot1.cmap>><<oml.cmap>><<oms.cmap>><<omx.cmap>>
LaTeX Font Info:    External font `cmex7' loaded for size
(Font)              <6> on input line 37.
LaTeX Font Info:    Try loading font information for U+msa on input line 37.

(D:\LaTex\Full_TeX\texmf\tex\latex\amsfonts\umsa.fd
File: umsa.fd 2013/01/14 v3.01 AMS symbols A
)
LaTeX Font Info:    Try loading font information for U+msb on input line 37.

(D:\LaTex\Full_TeX\texmf\tex\latex\amsfonts\umsb.fd
File: umsb.fd 2013/01/14 v3.01 AMS symbols B
)
LaTeX Font Info:    Try loading font information for U+lasy on input line 37.

(D:\LaTex\Full_TeX\texmf\tex\latex\base\ulasy.fd
File: ulasy.fd 1998/08/17 v2.2e LaTeX symbol font definitions
)
Overfull \hbox (6.0089pt too wide) in paragraph at lines 33--38
[]  $[]$ 
 []

[1


{D:/LaTex/Full_TeX/texmf/pdftex/config/pdftex.map}]
(D:\git_repositories\PhD_dark_matter_latex\dissertation\main.toc)
\tf@toc=\write3
 [2])
(D:\git_repositories\PhD_dark_matter_latex\dissertation\content_rus.tex
[3


] [4] <pictures/calibration_scheme.pdf, id=23, 772.41876pt x 228.79376pt>
File: pictures/calibration_scheme.pdf Graphic file (type pdf)

<use pictures/calibration_scheme.pdf>
Package pdftex.def Info: pictures/calibration_scheme.pdf used on input line 41.

(pdftex.def)             Requested size: 352.81552pt x 104.50629pt.
 [5 <D:/git_repositories/PhD_dark_matter_latex/dissertation/pictures/calibratio
n_scheme.pdf>]
Overfull \hbox (3.39842pt too wide) in paragraph at lines 73--75
[]$[]$
 []

)
Overfull \hbox (3.39842pt too wide) in paragraph at lines 76--44
[]$[]$ 
 []

[6] (D:\git_repositories\PhD_dark_matter_latex\dissertation\bibliography.tex
Underfull \hbox (badness 5504) in paragraph at lines 7--8
[]\T2A/cmr/m/n/12 Buzulutskov A. Advances in Cryogenic Avalanche Detectors // J
. of
 []

[7


]) [8] (D:\git_repositories\PhD_dark_matter_latex\dissertation\main.aux
(D:\git_repositories\PhD_dark_matter_latex\dissertation\first_page.aux)
(D:\git_repositories\PhD_dark_matter_latex\dissertation\content_rus.aux)
(D:\git_repositories\PhD_dark_matter_latex\dissertation\bibliography.aux)) ) 
Here is how much of TeX's memory you used:
 5023 strings out of 493921
 71824 string characters out of 3150556
 136883 words of memory out of 3000000
 8112 multiletter control sequences out of 15000+200000
 14467 words of font info for 42 fonts, out of 3000000 for 9000
 841 hyphenation exceptions out of 8191
 42i,9n,28p,1774b,294s stack positions out of 5000i,500n,10000p,200000b,50000s
{D:
/LaTex/Full_TeX/texmf/fonts/enc/dvips/cm-super/cm-super-t2a.enc}<D:/LaTex/Full_
TeX/texmf/fonts/type1/public/amsfonts/cm/cmex10.pfb><D:/LaTex/Full_TeX/texmf/fo
nts/type1/public/amsfonts/cm/cmmi12.pfb><D:/LaTex/Full_TeX/texmf/fonts/type1/pu
blic/amsfonts/cm/cmmi8.pfb><D:/LaTex/Full_TeX/texmf/fonts/type1/public/amsfonts
/cm/cmr12.pfb><D:/LaTex/Full_TeX/texmf/fonts/type1/public/amsfonts/cm/cmr8.pfb>
<D:/LaTex/Full_TeX/texmf/fonts/type1/public/amsfonts/cm/cmsy10.pfb><D:/LaTex/Fu
ll_TeX/texmf/fonts/type1/public/amsfonts/cm/cmsy8.pfb><D:/LaTex/Full_TeX/texmf/
fonts/type1/public/cm-super/sfbx1200.pfb><D:/LaTex/Full_TeX/texmf/fonts/type1/p
ublic/cm-super/sfbx1728.pfb><D:/LaTex/Full_TeX/texmf/fonts/type1/public/cm-supe
r/sfrm1200.pfb><D:/LaTex/Full_TeX/texmf/fonts/type1/public/cm-super/sfrm1728.pf
b>
Output written on main.pdf (8 pages, 262988 bytes).
PDF statistics:
 103 PDF objects out of 1000 (max. 8388607)
 0 named destinations out of 1000 (max. 500000)
 26 words of extra memory for PDF output out of 10000 (max. 10000000)

